#
# A fatal error has been detected by the Java Runtime Environment:
#
#  SIGBUS (0xa) at pc=0x00007fff74845084, pid=18164, tid=0x0000000000000d03
#
# JRE version: Java(TM) SE Runtime Environment (8.0_161-b12) (build 1.8.0_161-b12)
# Java VM: Java HotSpot(TM) 64-Bit Server VM (25.161-b12 mixed mode bsd-amd64 compressed oops)
# Problematic frame:
# C  [libsystem_platform.dylib+0x5084]  _platform_memmove$VARIANT$Haswell+0x164
#
# Failed to write core dump. Core dumps have been disabled. To enable core dumping, try "ulimit -c unlimited" before starting Java again
#
# If you would like to submit a bug report, please visit:
#   http://bugreport.java.com/bugreport/crash.jsp
#

---------------  T H R E A D  ---------------

Current thread is native thread

siginfo: si_signo: 10 (SIGBUS), si_code: 2 (BUS_ADRERR), si_addr: 0x000000010b33b000

Registers:
RAX=0x000000010b339000, RBX=0x0000000000002110, RCX=0x0000000000000020, RDX=0x00000000000000b0
RSP=0x0000700001daa630, RBP=0x0000700001daa630, RSI=0x000000011f554020, RDI=0x000000010b33afe0
R8 =0x000000000000006e, R9 =0x0000000000000000, R10=0x0000000000000401, R11=0xffffffffebde7000
R12=0x000000011f552000, R13=0x0000000084dab715, R14=0x000000010b339000, R15=0x000000011f552000
RIP=0x00007fff74845084, EFLAGS=0x0000000000010202, ERR=0x0000000000000006
  TRAPNO=0x000000000000000e

Top of Stack: (sp=0x0000700001daa630)
0x0000700001daa630:   0000700001daa750 00007fff4a71872b
0x0000700001daa640:   0000700001daa688 000000000000002c
0x0000700001daa650:   0000000000000b40 000000000007bcb0
0x0000700001daa660:   0000000001e02d00 000000000007bc00
0x0000700001daa670:   000000011f5df000 385cf49f8ebe0000
0x0000700001daa680:   000000011f552000 00007fe5bec2ee00
0x0000700001daa690:   0000000084dab715 000000000007bc00
0x0000700001daa6a0:   0000000000002110 0000006e1f5df000
0x0000700001daa6b0:   000000011f65ac00 00007fe500000000
0x0000700001daa6c0:   000000000007bc00 000000011f554106
0x0000700001daa6d0:   00007fff00079baa 0000000000002106
0x0000700001daa6e0:   0000000000000000 0000000000000000
0x0000700001daa6f0:   00007fff743252a2 00007fff743252cc
0x0000700001daa700:   0000000000000000 0000000000000000
0x0000700001daa710:   0000000084dab715 0000000000000000
0x0000700001daa720:   385cf49f8ebe0051 00007fe5c0147830
0x0000700001daa730:   0000000101e02d00 0000000000000014
0x0000700001daa740:   0000700001daa7a8 00007fe5bfc1b040
0x0000700001daa750:   0000700001daa7c0 00007fff4a717ee4
0x0000700001daa760:   0000000000002d00 00007fffa67453c8
0x0000700001daa770:   00007fe5bdeb9e00 00007fe5bdd11ae0
0x0000700001daa780:   00007fe5bdd98fe0 0000700001daa7a8
0x0000700001daa790:   0000700001daa7ac 0000000000000003
0x0000700001daa7a0:   0000000100c7d080 0000006e00000000
0x0000700001daa7b0:   00007fe5c0147830 0000000000000000
0x0000700001daa7c0:   0000700001daa7f0 00007fff4a719762
0x0000700001daa7d0:   0000000102201780 00007fe5c0148950
0x0000700001daa7e0:   0000000000000000 0000000101e02c80
0x0000700001daa7f0:   0000700001daa810 00007fff745015fa
0x0000700001daa800:   0000000102201780 0000000000000000
0x0000700001daa810:   0000700001daa830 00007fff744f9db8
0x0000700001daa820:   0000000102201780 0000000000000000 

Instructions: (pc=0x00007fff74845084)
0x00007fff74845064:   20 48 83 c6 40 48 83 ea 40 77 e0 eb 2f 66 66 66
0x00007fff74845074:   66 66 66 2e 0f 1f 84 00 00 00 00 00 c5 fc 29 0f
0x00007fff74845084:   c5 fc 29 57 20 48 83 c7 40 c5 fc 28 0e c5 fc 28
0x00007fff74845094:   56 20 48 83 c6 40 48 83 ea 40 77 e0 c5 fc 10 1c 

Register to memory mapping:

RAX=0x000000010b339000 is an unknown value
RBX=0x0000000000002110 is an unknown value
RCX=0x0000000000000020 is an unknown value
RDX=0x00000000000000b0 is an unknown value
RSP=0x0000700001daa630 is an unknown value
RBP=0x0000700001daa630 is an unknown value
RSI=0x000000011f554020 is an unknown value
RDI=0x000000010b33afe0 is an unknown value
R8 =0x000000000000006e is an unknown value
R9 =0x0000000000000000 is an unknown value
R10=0x0000000000000401 is an unknown value
R11=0xffffffffebde7000 is an unknown value
R12=0x000000011f552000 is an unknown value
R13=0x0000000084dab715 is an unknown value
R14=0x000000010b339000 is an unknown value
R15=0x000000011f552000 is an unknown value


Stack: [0x0000700001d2b000,0x0000700001dab000],  sp=0x0000700001daa630,  free space=509k
Native frames: (J=compiled Java code, j=interpreted, Vv=VM code, C=native code)
C  [libsystem_platform.dylib+0x5084]  _platform_memmove$VARIANT$Haswell+0x164
C  [AppKit+0xbb972b]  -[NSPersistentUIWindowSnapshotter writeWindowSnapshot:length:width:height:bytesPerRow:toFile:inDirectory:encryptingWithKey:uuid:checksum:fd:]+0x5e2
C  [AppKit+0xbb8ee4]  __100-[NSPersistentUIWindowSnapshotter captureAndWriteSnapshotForWindowNumber:forWindowID:waitUntilDone:]_block_invoke.128+0xba
C  [AppKit+0xbba762]  ___NSPersistentUIDispatchQueueAsync_block_invoke+0x1c
C  [libdispatch.dylib+0x95fa]  _dispatch_call_block_and_release+0xc
C  [libdispatch.dylib+0x1db8]  _dispatch_client_callout+0x8
C  [libdispatch.dylib+0x16217]  _dispatch_queue_serial_drain+0x27b
C  [libdispatch.dylib+0x9166]  _dispatch_queue_invoke+0x175
C  [libdispatch.dylib+0x16f0d]  _dispatch_root_queue_drain_deferred_wlh+0x14c
C  [libdispatch.dylib+0x1ad21]  _dispatch_workloop_worker_thread+0x370
C  [libsystem_pthread.dylib+0x2fd2]  _pthread_wqthread+0x3d4
C  [libsystem_pthread.dylib+0x2be9]  start_wqthread+0xd


---------------  P R O C E S S  ---------------

VM state:not at safepoint (normal execution)

VM Mutex/Monitor currently owned by a thread: None

Heap:
 PSYoungGen      total 38400K, used 6492K [0x0000000795580000, 0x0000000798000000, 0x00000007c0000000)
  eden space 33280K, 19% used [0x0000000795580000,0x0000000795bd72e0,0x0000000797600000)
  from space 5120K, 0% used [0x0000000797600000,0x0000000797600000,0x0000000797b00000)
  to   space 5120K, 0% used [0x0000000797b00000,0x0000000797b00000,0x0000000798000000)
 ParOldGen       total 56832K, used 2850K [0x0000000740000000, 0x0000000743780000, 0x0000000795580000)
  object space 56832K, 5% used [0x0000000740000000,0x00000007402c8ab0,0x0000000743780000)
 Metaspace       used 14802K, capacity 16154K, committed 21296K, reserved 1069056K
  class space    used 1801K, capacity 1953K, committed 2176K, reserved 1048576K

Card table byte_map: [0x00000001029c0000,0x0000000102dc1000] byte_map_base: 0x00000000fefc0000

Marking Bits: (ParMarkBitMap*) 0x00000001015906c0
 Begin Bits: [0x000000010306c000, 0x000000010506c000)
 End Bits:   [0x000000010506c000, 0x000000010706c000)

Polling page: 0x0000000101c8b000

CodeCache: size=245760Kb used=5392Kb max_used=5400Kb free=240367Kb
 bounds [0x000000010b5e3000, 0x000000010bb33000, 0x000000011a5e3000]
 total_blobs=1990 nmethods=1513 adapters=399
 compilation: enabled

Compilation events (10 events):
Event: 5.149 Thread 0x00007fe5be82b000 1404       1       org.apache.kafka.clients.producer.internals.ProduceRequestResult::topicPartition (5 bytes)
Event: 5.150 Thread 0x00007fe5be82b000 nmethod 1404 0x000000010bab3150 code [0x000000010bab32a0, 0x000000010bab33b0]
Event: 5.150 Thread 0x00007fe5be82b000 1405       1       scala.Console$::outVar (5 bytes)
Event: 5.150 Thread 0x00007fe5be82b000 nmethod 1405 0x000000010bab3410 code [0x000000010bab3560, 0x000000010bab3670]
Event: 5.150 Thread 0x00007fe5be82b000 1406       1       scala.util.DynamicVariable::tl (5 bytes)
Event: 5.150 Thread 0x00007fe5be82b000 nmethod 1406 0x000000010bab36d0 code [0x000000010bab3820, 0x000000010bab3930]
Event: 5.156 Thread 0x00007fe5be82b000 1407       3       org.apache.kafka.common.TopicPartition::equals (62 bytes)
Event: 5.157 Thread 0x00007fe5be82b000 nmethod 1407 0x000000010bab3990 code [0x000000010bab3b40, 0x000000010bab41c8]
Event: 5.178 Thread 0x00007fe5be82b000 1409       3       java.util.AbstractCollection::isEmpty (13 bytes)
Event: 5.178 Thread 0x00007fe5be82b000 nmethod 1409 0x000000010bab4350 code [0x000000010bab44c0, 0x000000010bab4728]

GC Heap History (4 events):
Event: 1.582 GC heap before
{Heap before GC invocations=1 (full 0):
 PSYoungGen      total 38400K, used 33280K [0x0000000795580000, 0x0000000798000000, 0x00000007c0000000)
  eden space 33280K, 100% used [0x0000000795580000,0x0000000797600000,0x0000000797600000)
  from space 5120K, 0% used [0x0000000797b00000,0x0000000797b00000,0x0000000798000000)
  to   space 5120K, 0% used [0x0000000797600000,0x0000000797600000,0x0000000797b00000)
 ParOldGen       total 87552K, used 0K [0x0000000740000000, 0x0000000745580000, 0x0000000795580000)
  object space 87552K, 0% used [0x0000000740000000,0x0000000740000000,0x0000000745580000)
 Metaspace       used 10462K, capacity 10728K, committed 11008K, reserved 1058816K
  class space    used 1368K, capacity 1483K, committed 1536K, reserved 1048576K
Event: 1.591 GC heap after
Heap after GC invocations=1 (full 0):
 PSYoungGen      total 38400K, used 5099K [0x0000000795580000, 0x0000000798000000, 0x00000007c0000000)
  eden space 33280K, 0% used [0x0000000795580000,0x0000000795580000,0x0000000797600000)
  from space 5120K, 99% used [0x0000000797600000,0x0000000797afac48,0x0000000797b00000)
  to   space 5120K, 0% used [0x0000000797b00000,0x0000000797b00000,0x0000000798000000)
 ParOldGen       total 87552K, used 269K [0x0000000740000000, 0x0000000745580000, 0x0000000795580000)
  object space 87552K, 0% used [0x0000000740000000,0x00000007400434a0,0x0000000745580000)
 Metaspace       used 10462K, capacity 10728K, committed 11008K, reserved 1058816K
  class space    used 1368K, capacity 1483K, committed 1536K, reserved 1048576K
}
Event: 4.223 GC heap before
{Heap before GC invocations=2 (full 0):
 PSYoungGen      total 38400K, used 38379K [0x0000000795580000, 0x0000000798000000, 0x00000007c0000000)
  eden space 33280K, 100% used [0x0000000795580000,0x0000000797600000,0x0000000797600000)
  from space 5120K, 99% used [0x0000000797600000,0x0000000797afac48,0x0000000797b00000)
  to   space 5120K, 0% used [0x0000000797b00000,0x0000000797b00000,0x0000000798000000)
 ParOldGen       total 87552K, used 269K [0x0000000740000000, 0x0000000745580000, 0x0000000795580000)
  object space 87552K, 0% used [0x0000000740000000,0x00000007400434a0,0x0000000745580000)
 Metaspace       used 14952K, capacity 17594K, committed 17664K, reserved 1064960K
  class space    used 1823K, capacity 1993K, committed 2048K, reserved 1048576K
Event: 4.233 GC heap after
Heap after GC invocations=2 (full 0):
 PSYoungGen      total 38400K, used 4811K [0x0000000795580000, 0x0000000798000000, 0x00000007c0000000)
  eden space 33280K, 0% used [0x0000000795580000,0x0000000795580000,0x0000000797600000)
  from space 5120K, 93% used [0x0000000797b00000,0x0000000797fb2e10,0x0000000798000000)
  to   space 5120K, 0% used [0x0000000797600000,0x0000000797600000,0x0000000797b00000)
 ParOldGen       total 87552K, used 277K [0x0000000740000000, 0x0000000745580000, 0x0000000795580000)
  object space 87552K, 0% used [0x0000000740000000,0x00000007400454a0,0x0000000745580000)
 Metaspace       used 14952K, capacity 17594K, committed 17664K, reserved 1064960K
  class space    used 1823K, capacity 1993K, committed 2048K, reserved 1048576K
}

Deoptimization events (3 events):
Event: 0.311 Thread 0x00007fe5bf022800 Uncommon trap: reason=unstable_if action=reinterpret pc=0x000000010b6fcc4c method=java.lang.String.hashCode()I @ 14
Event: 0.625 Thread 0x00007fe5bf022800 Uncommon trap: reason=unstable_if action=reinterpret pc=0x000000010b70ed20 method=java.lang.String.indexOf(II)I @ 49
Event: 2.871 Thread 0x00007fe5bf022800 Uncommon trap: reason=unstable_if action=reinterpret pc=0x000000010b739400 method=sun.nio.cs.UTF_8$Encoder.encode([CII[B)I @ 33

Classes redefined (0 events):
No events

Internal exceptions (10 events):
Event: 1.028 Thread 0x00007fe5bf022800 Exception <a 'java/lang/ArrayIndexOutOfBoundsException'> (0x0000000795dc8640) thrown at [/Users/java_re/workspace/8-2-build-macosx-x86_64/jdk8u161/10277/hotspot/src/share/vm/runtime/sharedRuntime.cpp, line 605]
Event: 1.028 Thread 0x00007fe5bf022800 Exception <a 'java/lang/ArrayIndexOutOfBoundsException'> (0x0000000795dc98a8) thrown at [/Users/java_re/workspace/8-2-build-macosx-x86_64/jdk8u161/10277/hotspot/src/share/vm/runtime/sharedRuntime.cpp, line 605]
Event: 1.029 Thread 0x00007fe5bf022800 Exception <a 'java/lang/ArrayIndexOutOfBoundsException'> (0x0000000795dcae40) thrown at [/Users/java_re/workspace/8-2-build-macosx-x86_64/jdk8u161/10277/hotspot/src/share/vm/runtime/sharedRuntime.cpp, line 605]
Event: 1.043 Thread 0x00007fe5bf022800 Exception <a 'java/lang/ArrayIndexOutOfBoundsException'> (0x0000000795df0e18) thrown at [/Users/java_re/workspace/8-2-build-macosx-x86_64/jdk8u161/10277/hotspot/src/share/vm/runtime/sharedRuntime.cpp, line 605]
Event: 1.062 Thread 0x00007fe5bf022800 Exception <a 'java/lang/ArrayIndexOutOfBoundsException'> (0x0000000795e04cf8) thrown at [/Users/java_re/workspace/8-2-build-macosx-x86_64/jdk8u161/10277/hotspot/src/share/vm/runtime/sharedRuntime.cpp, line 605]
Event: 1.233 Thread 0x00007fe5bf022800 Exception <a 'java/lang/NoSuchFieldError': method resolution failed> (0x0000000796318658) thrown at [/Users/java_re/workspace/8-2-build-macosx-x86_64/jdk8u161/10277/hotspot/src/share/vm/prims/methodHandles.cpp, line 1167]
Event: 1.236 Thread 0x00007fe5bf022800 Exception <a 'java/lang/NoSuchFieldError': method resolution failed> (0x0000000796325978) thrown at [/Users/java_re/workspace/8-2-build-macosx-x86_64/jdk8u161/10277/hotspot/src/share/vm/prims/methodHandles.cpp, line 1167]
Event: 1.411 Thread 0x00007fe5be9b6800 Exception <a 'java/lang/NoSuchMethodError': java.lang.Object.lambda$identity$2(Ljava/lang/Object;)Ljava/lang/Object;> (0x0000000796c94de8) thrown at [/Users/java_re/workspace/8-2-build-macosx-x86_64/jdk8u161/10277/hotspot/src/share/vm/interpreter/linkReso
Event: 2.603 Thread 0x00007fe5bf022800 Exception <a 'java/io/FileNotFoundException'> (0x0000000796050fd0) thrown at [/Users/java_re/workspace/8-2-build-macosx-x86_64/jdk8u161/10277/hotspot/src/share/vm/prims/jni.cpp, line 709]
Event: 2.603 Thread 0x00007fe5bf022800 Exception <a 'java/io/FileNotFoundException'> (0x0000000796051b20) thrown at [/Users/java_re/workspace/8-2-build-macosx-x86_64/jdk8u161/10277/hotspot/src/share/vm/prims/jni.cpp, line 709]

Events (10 events):
Event: 3.754 loading class java/util/IdentityHashMap$ValueIterator done
Event: 3.754 Thread 0x00007fe5beac8800 Thread exited: 0x00007fe5beac8800
Event: 3.803 Thread 0x00007fe5bf2ee000 Thread added: 0x00007fe5bf2ee000
Event: 4.223 Executing VM operation: ParallelGCFailedAllocation
Event: 4.233 Executing VM operation: ParallelGCFailedAllocation done
Event: 4.271 Executing VM operation: EnableBiasedLocking
Event: 4.283 Executing VM operation: EnableBiasedLocking done
Event: 4.807 Thread 0x00007fe5bf2ee000 Thread exited: 0x00007fe5bf2ee000
Event: 4.999 Executing VM operation: BulkRevokeBias
Event: 4.999 Executing VM operation: BulkRevokeBias done


Dynamic libraries:
0x0000000024a63000 	/System/Library/Frameworks/Cocoa.framework/Versions/A/Cocoa
0x0000000024a63000 	/System/Library/Frameworks/Security.framework/Versions/A/Security
0x0000000024a63000 	/System/Library/Frameworks/ApplicationServices.framework/Versions/A/ApplicationServices
0x0000000024a63000 	/usr/lib/libz.1.dylib
0x0000000024a63000 	/usr/lib/libSystem.B.dylib
0x0000000024a63000 	/usr/lib/libobjc.A.dylib
0x0000000024a63000 	/System/Library/Frameworks/CoreFoundation.framework/Versions/A/CoreFoundation
0x0000000024a63000 	/System/Library/Frameworks/Foundation.framework/Versions/C/Foundation
0x0000000024a63000 	/System/Library/Frameworks/AppKit.framework/Versions/C/AppKit
0x0000000024a63000 	/System/Library/Frameworks/CoreData.framework/Versions/A/CoreData
0x0000000024a63000 	/System/Library/PrivateFrameworks/RemoteViewServices.framework/Versions/A/RemoteViewServices
0x0000000024a63000 	/System/Library/PrivateFrameworks/UIFoundation.framework/Versions/A/UIFoundation
0x0000000024a63000 	/System/Library/PrivateFrameworks/DFRFoundation.framework/Versions/A/DFRFoundation
0x0000000024a63000 	/System/Library/Frameworks/Metal.framework/Versions/A/Metal
0x0000000024a63000 	/System/Library/PrivateFrameworks/DesktopServicesPriv.framework/Versions/A/DesktopServicesPriv
0x0000000024a63000 	/usr/lib/libenergytrace.dylib
0x0000000024a63000 	/System/Library/PrivateFrameworks/SkyLight.framework/Versions/A/SkyLight
0x0000000024a63000 	/System/Library/Frameworks/CoreGraphics.framework/Versions/A/CoreGraphics
0x0000000024a63000 	/usr/lib/libScreenReader.dylib
0x0000000024a63000 	/System/Library/Frameworks/Accelerate.framework/Versions/A/Accelerate
0x0000000024a63000 	/System/Library/Frameworks/IOSurface.framework/Versions/A/IOSurface
0x0000000024a63000 	/System/Library/Frameworks/AudioToolbox.framework/Versions/A/AudioToolbox
0x0000000024a63000 	/System/Library/Frameworks/AudioUnit.framework/Versions/A/AudioUnit
0x0000000024a63000 	/System/Library/PrivateFrameworks/DataDetectorsCore.framework/Versions/A/DataDetectorsCore
0x0000000024a63000 	/System/Library/Frameworks/Carbon.framework/Versions/A/Frameworks/HIToolbox.framework/Versions/A/HIToolbox
0x0000000024a63000 	/usr/lib/libicucore.A.dylib
0x0000000024a63000 	/System/Library/Frameworks/QuartzCore.framework/Versions/A/QuartzCore
0x0000000024a63000 	/System/Library/PrivateFrameworks/SignpostNotification.framework/Versions/A/SignpostNotification
0x0000000024a63000 	/System/Library/Frameworks/Carbon.framework/Versions/A/Frameworks/SpeechRecognition.framework/Versions/A/SpeechRecognition
0x0000000024a63000 	/usr/lib/libauto.dylib
0x0000000024a63000 	/usr/lib/libxml2.2.dylib
0x0000000024a63000 	/System/Library/PrivateFrameworks/CoreUI.framework/Versions/A/CoreUI
0x0000000024a63000 	/System/Library/Frameworks/CoreAudio.framework/Versions/A/CoreAudio
0x0000000024a63000 	/System/Library/Frameworks/DiskArbitration.framework/Versions/A/DiskArbitration
0x0000000024a63000 	/usr/lib/liblangid.dylib
0x0000000024a63000 	/System/Library/PrivateFrameworks/MultitouchSupport.framework/Versions/A/MultitouchSupport
0x0000000024a63000 	/System/Library/Frameworks/IOKit.framework/Versions/A/IOKit
0x0000000024a63000 	/usr/lib/libDiagnosticMessagesClient.dylib
0x0000000024a63000 	/System/Library/Frameworks/CoreServices.framework/Versions/A/CoreServices
0x0000000024a63000 	/System/Library/PrivateFrameworks/PerformanceAnalysis.framework/Versions/A/PerformanceAnalysis
0x0000000024a63000 	/System/Library/Frameworks/OpenGL.framework/Versions/A/OpenGL
0x0000000024a63000 	/System/Library/Frameworks/ColorSync.framework/Versions/A/ColorSync
0x0000000024a63000 	/System/Library/Frameworks/CoreImage.framework/Versions/A/CoreImage
0x0000000024a63000 	/System/Library/Frameworks/CoreText.framework/Versions/A/CoreText
0x0000000024a63000 	/System/Library/Frameworks/ImageIO.framework/Versions/A/ImageIO
0x0000000024a63000 	/System/Library/PrivateFrameworks/Backup.framework/Versions/A/Backup
0x0000000024a63000 	/usr/lib/libarchive.2.dylib
0x0000000024a63000 	/System/Library/Frameworks/CFNetwork.framework/Versions/A/CFNetwork
0x0000000024a63000 	/System/Library/Frameworks/SystemConfiguration.framework/Versions/A/SystemConfiguration
0x0000000024a63000 	/usr/lib/libCRFSuite.dylib
0x0000000024a63000 	/usr/lib/libc++.1.dylib
0x0000000024a63000 	/usr/lib/libc++abi.dylib
0x0000000024a63000 	/usr/lib/system/libcache.dylib
0x0000000024a63000 	/usr/lib/system/libcommonCrypto.dylib
0x0000000024a63000 	/usr/lib/system/libcompiler_rt.dylib
0x0000000024a63000 	/usr/lib/system/libcopyfile.dylib
0x0000000024a63000 	/usr/lib/system/libcorecrypto.dylib
0x0000000024a63000 	/usr/lib/system/libdispatch.dylib
0x0000000024a63000 	/usr/lib/system/libdyld.dylib
0x0000000024a63000 	/usr/lib/system/libkeymgr.dylib
0x0000000024a63000 	/usr/lib/system/liblaunch.dylib
0x0000000024a63000 	/usr/lib/system/libmacho.dylib
0x0000000024a63000 	/usr/lib/system/libquarantine.dylib
0x0000000024a63000 	/usr/lib/system/libremovefile.dylib
0x0000000024a63000 	/usr/lib/system/libsystem_asl.dylib
0x0000000024a63000 	/usr/lib/system/libsystem_blocks.dylib
0x0000000024a63000 	/usr/lib/system/libsystem_c.dylib
0x0000000024a63000 	/usr/lib/system/libsystem_configuration.dylib
0x0000000024a63000 	/usr/lib/system/libsystem_coreservices.dylib
0x0000000024a63000 	/usr/lib/system/libsystem_darwin.dylib
0x0000000024a63000 	/usr/lib/system/libsystem_dnssd.dylib
0x0000000024a63000 	/usr/lib/system/libsystem_info.dylib
0x0000000024a63000 	/usr/lib/system/libsystem_m.dylib
0x0000000024a63000 	/usr/lib/system/libsystem_malloc.dylib
0x0000000024a63000 	/usr/lib/system/libsystem_network.dylib
0x0000000024a63000 	/usr/lib/system/libsystem_networkextension.dylib
0x0000000024a63000 	/usr/lib/system/libsystem_notify.dylib
0x0000000024a63000 	/usr/lib/system/libsystem_sandbox.dylib
0x0000000024a63000 	/usr/lib/system/libsystem_secinit.dylib
0x0000000024a63000 	/usr/lib/system/libsystem_kernel.dylib
0x0000000024a63000 	/usr/lib/system/libsystem_platform.dylib
0x0000000024a63000 	/usr/lib/system/libsystem_pthread.dylib
0x0000000024a63000 	/usr/lib/system/libsystem_symptoms.dylib
0x0000000024a63000 	/usr/lib/system/libsystem_trace.dylib
0x0000000024a63000 	/usr/lib/system/libunwind.dylib
0x0000000024a63000 	/usr/lib/system/libxpc.dylib
0x0000000024a63000 	/usr/lib/closure/libclosured.dylib
0x0000000024a63000 	/usr/lib/libbsm.0.dylib
0x0000000024a63000 	/usr/lib/system/libkxld.dylib
0x0000000024a63000 	/usr/lib/libOpenScriptingUtil.dylib
0x0000000024a63000 	/usr/lib/libcoretls.dylib
0x0000000024a63000 	/usr/lib/libcoretls_cfhelpers.dylib
0x0000000024a63000 	/usr/lib/libpam.2.dylib
0x0000000024a63000 	/usr/lib/libsqlite3.dylib
0x0000000024a63000 	/usr/lib/libxar.1.dylib
0x0000000024a63000 	/usr/lib/libbz2.1.0.dylib
0x0000000024a63000 	/usr/lib/liblzma.5.dylib
0x0000000024a63000 	/usr/lib/libnetwork.dylib
0x0000000024a63000 	/usr/lib/libapple_nghttp2.dylib
0x0000000024a63000 	/usr/lib/libpcap.A.dylib
0x0000000024a63000 	/usr/lib/libboringssl.dylib
0x0000000024a63000 	/usr/lib/libusrtcp.dylib
0x0000000024a63000 	/usr/lib/libapple_crypto.dylib
0x0000000024a63000 	/System/Library/Frameworks/CoreServices.framework/Versions/A/Frameworks/FSEvents.framework/Versions/A/FSEvents
0x0000000024a63000 	/System/Library/Frameworks/CoreServices.framework/Versions/A/Frameworks/CarbonCore.framework/Versions/A/CarbonCore
0x0000000024a63000 	/System/Library/Frameworks/CoreServices.framework/Versions/A/Frameworks/Metadata.framework/Versions/A/Metadata
0x0000000024a63000 	/System/Library/Frameworks/CoreServices.framework/Versions/A/Frameworks/OSServices.framework/Versions/A/OSServices
0x0000000024a63000 	/System/Library/Frameworks/CoreServices.framework/Versions/A/Frameworks/SearchKit.framework/Versions/A/SearchKit
0x0000000024a63000 	/System/Library/Frameworks/CoreServices.framework/Versions/A/Frameworks/AE.framework/Versions/A/AE
0x0000000024a63000 	/System/Library/Frameworks/CoreServices.framework/Versions/A/Frameworks/LaunchServices.framework/Versions/A/LaunchServices
0x0000000024a63000 	/System/Library/Frameworks/CoreServices.framework/Versions/A/Frameworks/DictionaryServices.framework/Versions/A/DictionaryServices
0x0000000024a63000 	/System/Library/Frameworks/CoreServices.framework/Versions/A/Frameworks/SharedFileList.framework/Versions/A/SharedFileList
0x0000000024a63000 	/System/Library/Frameworks/NetFS.framework/Versions/A/NetFS
0x0000000024a63000 	/System/Library/PrivateFrameworks/NetAuth.framework/Versions/A/NetAuth
0x0000000024a63000 	/System/Library/PrivateFrameworks/login.framework/Versions/A/Frameworks/loginsupport.framework/Versions/A/loginsupport
0x0000000024a63000 	/System/Library/PrivateFrameworks/TCC.framework/Versions/A/TCC
0x0000000024a63000 	/usr/lib/libmecabra.dylib
0x0000000024a63000 	/System/Library/Frameworks/ApplicationServices.framework/Versions/A/Frameworks/ATS.framework/Versions/A/ATS
0x0000000024a63000 	/System/Library/Frameworks/ApplicationServices.framework/Versions/A/Frameworks/ColorSyncLegacy.framework/Versions/A/ColorSyncLegacy
0x0000000024a63000 	/System/Library/Frameworks/ApplicationServices.framework/Versions/A/Frameworks/HIServices.framework/Versions/A/HIServices
0x0000000024a63000 	/System/Library/Frameworks/ApplicationServices.framework/Versions/A/Frameworks/LangAnalysis.framework/Versions/A/LangAnalysis
0x0000000024a63000 	/System/Library/Frameworks/ApplicationServices.framework/Versions/A/Frameworks/PrintCore.framework/Versions/A/PrintCore
0x0000000024a63000 	/System/Library/Frameworks/ApplicationServices.framework/Versions/A/Frameworks/QD.framework/Versions/A/QD
0x0000000024a63000 	/System/Library/Frameworks/ApplicationServices.framework/Versions/A/Frameworks/SpeechSynthesis.framework/Versions/A/SpeechSynthesis
0x0000000024a63000 	/System/Library/Frameworks/CoreDisplay.framework/Versions/A/CoreDisplay
0x0000000024a63000 	/System/Library/Frameworks/Accelerate.framework/Versions/A/Frameworks/vImage.framework/Versions/A/vImage
0x0000000024a63000 	/System/Library/Frameworks/Accelerate.framework/Versions/A/Frameworks/vecLib.framework/Versions/A/vecLib
0x0000000024a63000 	/System/Library/Frameworks/Accelerate.framework/Versions/A/Frameworks/vecLib.framework/Versions/A/libvDSP.dylib
0x0000000024a63000 	/System/Library/Frameworks/Accelerate.framework/Versions/A/Frameworks/vecLib.framework/Versions/A/libBNNS.dylib
0x0000000024a63000 	/System/Library/Frameworks/Accelerate.framework/Versions/A/Frameworks/vecLib.framework/Versions/A/libQuadrature.dylib
0x0000000024a63000 	/System/Library/Frameworks/Accelerate.framework/Versions/A/Frameworks/vecLib.framework/Versions/A/libvMisc.dylib
0x0000000024a63000 	/System/Library/Frameworks/Accelerate.framework/Versions/A/Frameworks/vecLib.framework/Versions/A/libLAPACK.dylib
0x0000000024a63000 	/System/Library/Frameworks/Accelerate.framework/Versions/A/Frameworks/vecLib.framework/Versions/A/libBLAS.dylib
0x0000000024a63000 	/System/Library/Frameworks/Accelerate.framework/Versions/A/Frameworks/vecLib.framework/Versions/A/libLinearAlgebra.dylib
0x0000000024a63000 	/System/Library/Frameworks/Accelerate.framework/Versions/A/Frameworks/vecLib.framework/Versions/A/libSparse.dylib
0x0000000024a63000 	/System/Library/Frameworks/Accelerate.framework/Versions/A/Frameworks/vecLib.framework/Versions/A/libSparseBLAS.dylib
0x0000000024a63000 	/System/Library/PrivateFrameworks/GPUWrangler.framework/Versions/A/GPUWrangler
0x0000000024a63000 	/System/Library/PrivateFrameworks/IOAccelerator.framework/Versions/A/IOAccelerator
0x0000000024a63000 	/System/Library/PrivateFrameworks/IOPresentment.framework/Versions/A/IOPresentment
0x0000000024a63000 	/System/Library/PrivateFrameworks/DSExternalDisplay.framework/Versions/A/DSExternalDisplay
0x0000000024a63000 	/System/Library/Frameworks/OpenGL.framework/Versions/A/Libraries/libCoreFSCache.dylib
0x0000000024a63000 	/System/Library/Frameworks/CoreVideo.framework/Versions/A/CoreVideo
0x0000000024a63000 	/System/Library/PrivateFrameworks/GraphVisualizer.framework/Versions/A/GraphVisualizer
0x0000000024a63000 	/System/Library/Frameworks/MetalPerformanceShaders.framework/Versions/A/MetalPerformanceShaders
0x0000000024a63000 	/usr/lib/libFosl_dynamic.dylib
0x0000000024a63000 	/System/Library/PrivateFrameworks/FaceCore.framework/Versions/A/FaceCore
0x0000000024a63000 	/System/Library/Frameworks/OpenCL.framework/Versions/A/OpenCL
0x0000000024a63000 	/usr/lib/libcompression.dylib
0x0000000024a63000 	/System/Library/Frameworks/ApplicationServices.framework/Versions/A/Frameworks/ATS.framework/Versions/A/Resources/libFontParser.dylib
0x0000000024a63000 	/System/Library/Frameworks/ApplicationServices.framework/Versions/A/Frameworks/ATS.framework/Versions/A/Resources/libFontRegistry.dylib
0x0000000024a63000 	/System/Library/Frameworks/ImageIO.framework/Versions/A/Resources/libJPEG.dylib
0x0000000024a63000 	/System/Library/Frameworks/ImageIO.framework/Versions/A/Resources/libTIFF.dylib
0x0000000024a63000 	/System/Library/Frameworks/ImageIO.framework/Versions/A/Resources/libPng.dylib
0x0000000024a63000 	/System/Library/Frameworks/ImageIO.framework/Versions/A/Resources/libGIF.dylib
0x0000000024a63000 	/System/Library/Frameworks/ImageIO.framework/Versions/A/Resources/libJP2.dylib
0x0000000024a63000 	/System/Library/Frameworks/ImageIO.framework/Versions/A/Resources/libRadiance.dylib
0x0000000024a63000 	/System/Library/PrivateFrameworks/AppleJPEG.framework/Versions/A/AppleJPEG
0x0000000024a63000 	/System/Library/Frameworks/MetalPerformanceShaders.framework/Frameworks/MPSCore.framework/Versions/A/MPSCore
0x0000000024a63000 	/System/Library/Frameworks/MetalPerformanceShaders.framework/Frameworks/MPSImage.framework/Versions/A/MPSImage
0x0000000024a63000 	/System/Library/Frameworks/MetalPerformanceShaders.framework/Frameworks/MPSNeuralNetwork.framework/Versions/A/MPSNeuralNetwork
0x0000000024a63000 	/System/Library/Frameworks/MetalPerformanceShaders.framework/Frameworks/MPSMatrix.framework/Versions/A/MPSMatrix
0x0000000024a63000 	/System/Library/PrivateFrameworks/MetalTools.framework/Versions/A/MetalTools
0x0000000024a63000 	/System/Library/Frameworks/OpenGL.framework/Versions/A/Libraries/libGLU.dylib
0x0000000024a63000 	/System/Library/Frameworks/OpenGL.framework/Versions/A/Libraries/libGFXShared.dylib
0x0000000024a63000 	/System/Library/Frameworks/OpenGL.framework/Versions/A/Libraries/libGL.dylib
0x0000000024a63000 	/System/Library/Frameworks/OpenGL.framework/Versions/A/Libraries/libGLImage.dylib
0x0000000024a63000 	/System/Library/Frameworks/OpenGL.framework/Versions/A/Libraries/libCVMSPluginSupport.dylib
0x0000000024a63000 	/System/Library/Frameworks/OpenGL.framework/Versions/A/Libraries/libCoreVMClient.dylib
0x0000000024a63000 	/usr/lib/libcups.2.dylib
0x0000000024a63000 	/System/Library/Frameworks/Kerberos.framework/Versions/A/Kerberos
0x0000000024a63000 	/System/Library/Frameworks/GSS.framework/Versions/A/GSS
0x0000000024a63000 	/usr/lib/libresolv.9.dylib
0x0000000024a63000 	/usr/lib/libiconv.2.dylib
0x0000000024a63000 	/System/Library/PrivateFrameworks/Heimdal.framework/Versions/A/Heimdal
0x0000000024a63000 	/usr/lib/libheimdal-asn1.dylib
0x0000000024a63000 	/System/Library/Frameworks/OpenDirectory.framework/Versions/A/OpenDirectory
0x0000000024a63000 	/System/Library/PrivateFrameworks/CommonAuth.framework/Versions/A/CommonAuth
0x0000000024a63000 	/System/Library/Frameworks/OpenDirectory.framework/Versions/A/Frameworks/CFOpenDirectory.framework/Versions/A/CFOpenDirectory
0x0000000024a63000 	/System/Library/Frameworks/SecurityFoundation.framework/Versions/A/SecurityFoundation
0x0000000024a63000 	/System/Library/PrivateFrameworks/APFS.framework/Versions/A/APFS
0x0000000024a63000 	/usr/lib/libutil.dylib
0x0000000024a63000 	/System/Library/PrivateFrameworks/AppleSauce.framework/Versions/A/AppleSauce
0x0000000024a63000 	/System/Library/PrivateFrameworks/LinguisticData.framework/Versions/A/LinguisticData
0x0000000024a63000 	/usr/lib/libmarisa.dylib
0x0000000024a63000 	/System/Library/PrivateFrameworks/Lexicon.framework/Versions/A/Lexicon
0x0000000024a63000 	/usr/lib/libChineseTokenizer.dylib
0x0000000024a63000 	/usr/lib/libcmph.dylib
0x0000000024a63000 	/System/Library/PrivateFrameworks/LanguageModeling.framework/Versions/A/LanguageModeling
0x0000000024a63000 	/System/Library/PrivateFrameworks/CoreEmoji.framework/Versions/A/CoreEmoji
0x0000000024a63000 	/System/Library/Frameworks/ServiceManagement.framework/Versions/A/ServiceManagement
0x0000000024a63000 	/System/Library/PrivateFrameworks/BackgroundTaskManagement.framework/Versions/A/BackgroundTaskManagement
0x0000000024a63000 	/usr/lib/libxslt.1.dylib
0x0000000024a63000 	/System/Library/Frameworks/Carbon.framework/Versions/A/Frameworks/Ink.framework/Versions/A/Ink
0x0000000024a63000 	/System/Library/PrivateFrameworks/TextureIO.framework/Versions/A/TextureIO
0x0000000024a63000 	/usr/lib/libate.dylib
0x0000000024a63000 	/System/Library/PrivateFrameworks/CrashReporterSupport.framework/Versions/A/CrashReporterSupport
0x0000000024a63000 	/System/Library/PrivateFrameworks/Sharing.framework/Versions/A/Sharing
0x0000000024a63000 	/System/Library/PrivateFrameworks/IconServices.framework/Versions/A/IconServices
0x0000000024a63000 	/System/Library/PrivateFrameworks/AuthKit.framework/Versions/A/AuthKit
0x0000000024a63000 	/System/Library/PrivateFrameworks/Apple80211.framework/Versions/A/Apple80211
0x0000000024a63000 	/System/Library/PrivateFrameworks/CoreUtils.framework/Versions/A/CoreUtils
0x0000000024a63000 	/System/Library/Frameworks/CoreWLAN.framework/Versions/A/CoreWLAN
0x0000000024a63000 	/System/Library/Frameworks/IOBluetooth.framework/Versions/A/IOBluetooth
0x0000000024a63000 	/System/Library/PrivateFrameworks/ProtocolBuffer.framework/Versions/A/ProtocolBuffer
0x0000000024a63000 	/System/Library/PrivateFrameworks/MobileKeyBag.framework/Versions/A/MobileKeyBag
0x0000000024a63000 	/System/Library/PrivateFrameworks/CorePhoneNumbers.framework/Versions/A/CorePhoneNumbers
0x0000000024a63000 	/System/Library/PrivateFrameworks/AppleIDAuthSupport.framework/Versions/A/AppleIDAuthSupport
0x0000000024a63000 	/System/Library/PrivateFrameworks/KeychainCircle.framework/Versions/A/KeychainCircle
0x0000000024a63000 	/System/Library/PrivateFrameworks/CoreWiFi.framework/Versions/A/CoreWiFi
0x0000000024a63000 	/System/Library/Frameworks/CoreBluetooth.framework/Versions/A/CoreBluetooth
0x0000000024a63000 	/System/Library/PrivateFrameworks/DebugSymbols.framework/Versions/A/DebugSymbols
0x0000000024a63000 	/System/Library/PrivateFrameworks/CoreSymbolication.framework/Versions/A/CoreSymbolication
0x0000000024a63000 	/System/Library/PrivateFrameworks/Symbolication.framework/Versions/A/Symbolication
0x0000000024a63000 	/System/Library/PrivateFrameworks/AppleFSCompression.framework/Versions/A/AppleFSCompression
0x0000000024a63000 	/System/Library/PrivateFrameworks/SpeechRecognitionCore.framework/Versions/A/SpeechRecognitionCore
0x0000000100c99000 	/Library/Java/JavaVirtualMachines/jdk1.8.0_161.jdk/Contents/Home/jre/lib/server/libjvm.dylib
0x0000000024a63000 	/usr/lib/libstdc++.6.0.9.dylib
0x0000000101c47000 	/Library/Java/JavaVirtualMachines/jdk1.8.0_161.jdk/Contents/Home/jre/lib/libverify.dylib
0x0000000101c55000 	/Library/Java/JavaVirtualMachines/jdk1.8.0_161.jdk/Contents/Home/jre/lib/libjava.dylib
0x0000000101c8c000 	/Library/Java/JavaVirtualMachines/jdk1.8.0_161.jdk/Contents/Home/jre/lib/libjdwp.dylib
0x0000000101cd7000 	/Library/Java/JavaVirtualMachines/jdk1.8.0_161.jdk/Contents/Home/jre/lib/libnpt.dylib
0x0000000101d24000 	/Library/Java/JavaVirtualMachines/jdk1.8.0_161.jdk/Contents/Home/jre/lib/libzip.dylib
0x000000010a860000 	/Library/Java/JavaVirtualMachines/jdk1.8.0_161.jdk/Contents/Home/jre/lib/libdt_socket.dylib
0x000000010b283000 	/Library/Java/JavaVirtualMachines/jdk1.8.0_161.jdk/Contents/Home/jre/lib/libmanagement.dylib
0x000000010b291000 	/Library/Java/JavaVirtualMachines/jdk1.8.0_161.jdk/Contents/Home/jre/lib/libnet.dylib
0x000000010b2a8000 	/Library/Java/JavaVirtualMachines/jdk1.8.0_161.jdk/Contents/Home/jre/lib/libnio.dylib
0x000000011aa5f000 	/Library/Java/JavaVirtualMachines/jdk1.8.0_161.jdk/Contents/Home/jre/lib/libawt.dylib
0x000000011ab09000 	/Library/Java/JavaVirtualMachines/jdk1.8.0_161.jdk/Contents/Home/jre/lib/./libmlib_image.dylib
0x0000000024a63000 	/System/Library/Frameworks/JavaVM.framework/Versions/A/Frameworks/JavaNativeFoundation.framework/Versions/A/JavaNativeFoundation
0x0000000024a63000 	/System/Library/Frameworks/JavaVM.framework/Versions/A/Frameworks/JavaRuntimeSupport.framework/Versions/A/JavaRuntimeSupport
0x0000000024a63000 	/System/Library/Frameworks/JavaVM.framework/Versions/A/JavaVM
0x0000000024a63000 	/System/Library/PrivateFrameworks/JavaLaunching.framework/Versions/A/JavaLaunching
0x0000000024a63000 	/System/Library/Frameworks/Carbon.framework/Versions/A/Carbon
0x0000000024a63000 	/System/Library/Frameworks/Carbon.framework/Versions/A/Frameworks/CommonPanels.framework/Versions/A/CommonPanels
0x0000000024a63000 	/System/Library/Frameworks/Carbon.framework/Versions/A/Frameworks/Help.framework/Versions/A/Help
0x0000000024a63000 	/System/Library/Frameworks/Carbon.framework/Versions/A/Frameworks/ImageCapture.framework/Versions/A/ImageCapture
0x0000000024a63000 	/System/Library/Frameworks/Carbon.framework/Versions/A/Frameworks/OpenScripting.framework/Versions/A/OpenScripting
0x0000000024a63000 	/System/Library/Frameworks/Carbon.framework/Versions/A/Frameworks/Print.framework/Versions/A/Print
0x0000000024a63000 	/System/Library/Frameworks/Carbon.framework/Versions/A/Frameworks/SecurityHI.framework/Versions/A/SecurityHI
0x000000011abd5000 	/Library/Java/JavaVirtualMachines/jdk1.8.0_161.jdk/Contents/Home/jre/lib/libawt_lwawt.dylib
0x000000011ac8f000 	/Library/Java/JavaVirtualMachines/jdk1.8.0_161.jdk/Contents/Home/jre/lib/./libosxapp.dylib
0x0000000024a63000 	/System/Library/Frameworks/ExceptionHandling.framework/Versions/A/ExceptionHandling
0x0000000024a63000 	/System/Library/PrivateFrameworks/CoreServicesInternal.framework/Versions/A/CoreServicesInternal
0x0000000024a63000 	/System/Library/CoreServices/RawCamera.bundle/Contents/MacOS/RawCamera
0x0000000024a63000 	/System/Library/PrivateFrameworks/MobileAsset.framework/Versions/A/MobileAsset
0x0000000024a63000 	/System/Library/PrivateFrameworks/StreamingZip.framework/Versions/A/StreamingZip
0x0000000024a63000 	/System/Library/Frameworks/MediaToolbox.framework/Versions/A/MediaToolbox
0x0000000024a63000 	/System/Library/PrivateFrameworks/CoreAVCHD.framework/Versions/A/CoreAVCHD
0x0000000024a63000 	/System/Library/Frameworks/MediaAccessibility.framework/Versions/A/MediaAccessibility
0x0000000024a63000 	/System/Library/PrivateFrameworks/Mangrove.framework/Versions/A/Mangrove
0x0000000024a63000 	/System/Library/Frameworks/CoreMedia.framework/Versions/A/CoreMedia
0x0000000024a63000 	/System/Library/Frameworks/VideoToolbox.framework/Versions/A/VideoToolbox
0x0000000024a63000 	/System/Library/PrivateFrameworks/CoreAUC.framework/Versions/A/CoreAUC
0x0000000024a63000 	/usr/lib/libspindump.dylib
0x0000000024a63000 	/System/Library/PrivateFrameworks/AppleVA.framework/Versions/A/AppleVA
0x0000000024a63000 	/System/Library/Frameworks/Accelerate.framework/Versions/A/Frameworks/vImage.framework/Versions/A/Libraries/libCGInterfaces.dylib
0x0000000024a63000 	/System/Library/Frameworks/ApplicationServices.framework/Versions/A/Frameworks/ATS.framework/Versions/A/Resources/libTrueTypeScaler.dylib
0x0000000024a63000 	/System/Library/Extensions/AppleIntelSKLGraphicsMTLDriver.bundle/Contents/MacOS/AppleIntelSKLGraphicsMTLDriver
0x0000000024a63000 	/System/Library/PrivateFrameworks/GPUCompiler.framework/Versions/3802/Libraries/libmetal_timestamp.dylib
0x0000000024a63000 	/System/Library/PrivateFrameworks/FamilyControls.framework/Versions/A/FamilyControls
0x0000000024a63000 	/System/Library/PrivateFrameworks/CommerceKit.framework/Versions/A/Frameworks/CommerceCore.framework/Versions/A/CommerceCore
0x0000000024a63000 	/System/Library/PrivateFrameworks/SystemAdministration.framework/Versions/A/SystemAdministration
0x0000000024a63000 	/System/Library/PrivateFrameworks/AppContainer.framework/Versions/A/AppContainer
0x0000000024a63000 	/System/Library/PrivateFrameworks/SecCodeWrapper.framework/Versions/A/SecCodeWrapper
0x0000000024a63000 	/System/Library/PrivateFrameworks/DiskManagement.framework/Versions/A/DiskManagement
0x0000000024a63000 	/System/Library/Frameworks/DirectoryService.framework/Versions/A/DirectoryService
0x0000000024a63000 	/System/Library/PrivateFrameworks/DiskImages.framework/Versions/A/DiskImages
0x0000000024a63000 	/System/Library/PrivateFrameworks/LoginUIKit.framework/Versions/A/Frameworks/LoginUICore.framework/Versions/A/LoginUICore
0x0000000024a63000 	/usr/lib/libCoreStorage.dylib
0x0000000024a63000 	/usr/lib/libcsfde.dylib
0x0000000024a63000 	/usr/lib/libodfde.dylib
0x0000000024a63000 	/System/Library/PrivateFrameworks/MediaKit.framework/Versions/A/MediaKit
0x0000000024a63000 	/System/Library/Frameworks/DiscRecording.framework/Versions/A/DiscRecording
0x0000000024a63000 	/System/Library/PrivateFrameworks/EFILogin.framework/Versions/A/EFILogin
0x0000000024a63000 	/System/Library/PrivateFrameworks/ProtectedCloudStorage.framework/Versions/A/ProtectedCloudStorage
0x0000000024a63000 	/usr/lib/libcurl.4.dylib
0x0000000024a63000 	/usr/lib/libcrypto.35.dylib
0x0000000024a63000 	/usr/lib/libssl.35.dylib
0x0000000024a63000 	/System/Library/Frameworks/LDAP.framework/Versions/A/LDAP
0x0000000024a63000 	/System/Library/PrivateFrameworks/TrustEvaluationAgent.framework/Versions/A/TrustEvaluationAgent
0x0000000024a63000 	/usr/lib/libsasl2.2.dylib
0x0000000024a63000 	/System/Library/PrivateFrameworks/CoreDaemon.framework/Versions/B/CoreDaemon
0x0000000024a63000 	/System/Library/PrivateFrameworks/AppleSRP.framework/Versions/A/AppleSRP
0x0000000024a63000 	/System/Library/Frameworks/OpenGL.framework/Versions/A/Resources/GLEngine.bundle/GLEngine
0x0000000024a63000 	/System/Library/Frameworks/OpenGL.framework/Versions/A/Libraries/libGLProgrammability.dylib
0x000000011da7d000 	/System/Library/Extensions/AppleIntelSKLGraphicsGLDriver.bundle/Contents/MacOS/AppleIntelSKLGraphicsGLDriver
0x0000000024a63000 	/System/Library/PrivateFrameworks/GPUSupport.framework/Versions/A/Libraries/libGPUSupportMercury.dylib
0x0000000024a63000 	/System/Library/Frameworks/OpenGL.framework/Versions/A/Resources/GLRendererFloat.bundle/GLRendererFloat
0x0000000024a63000 	/System/Library/Frameworks/OpenCL.framework/Versions/A/Libraries/libcldcpuengine.dylib

VM Arguments:
jvm_args: -agentlib:jdwp=transport=dt_socket,address=127.0.0.1:64452,suspend=y,server=n -Dfile.encoding=UTF-8 
java_command: com.piesat.calculate.KafkaProducerDemo
java_class_path (initial): /Library/Java/JavaVirtualMachines/jdk1.8.0_161.jdk/Contents/Home/jre/lib/charsets.jar:/Library/Java/JavaVirtualMachines/jdk1.8.0_161.jdk/Contents/Home/jre/lib/deploy.jar:/Library/Java/JavaVirtualMachines/jdk1.8.0_161.jdk/Contents/Home/jre/lib/ext/cldrdata.jar:/Library/Java/JavaVirtualMachines/jdk1.8.0_161.jdk/Contents/Home/jre/lib/ext/dnsns.jar:/Library/Java/JavaVirtualMachines/jdk1.8.0_161.jdk/Contents/Home/jre/lib/ext/jaccess.jar:/Library/Java/JavaVirtualMachines/jdk1.8.0_161.jdk/Contents/Home/jre/lib/ext/jfxrt.jar:/Library/Java/JavaVirtualMachines/jdk1.8.0_161.jdk/Contents/Home/jre/lib/ext/localedata.jar:/Library/Java/JavaVirtualMachines/jdk1.8.0_161.jdk/Contents/Home/jre/lib/ext/nashorn.jar:/Library/Java/JavaVirtualMachines/jdk1.8.0_161.jdk/Contents/Home/jre/lib/ext/sunec.jar:/Library/Java/JavaVirtualMachines/jdk1.8.0_161.jdk/Contents/Home/jre/lib/ext/sunjce_provider.jar:/Library/Java/JavaVirtualMachines/jdk1.8.0_161.jdk/Contents/Home/jre/lib/ext/sunpkcs11.jar:/Library/Java/JavaVirtualMachines/jdk1.8.0_161.jdk/Contents/Home/jre/lib/ext/zipfs.jar:/Library/Java/JavaVirtualMachines/jdk1.8.0_161.jdk/Contents/Home/jre/lib/javaws.jar:/Library/Java/JavaVirtualMachines/jdk1.8.0_161.jdk/Contents/Home/jre/lib/jce.jar:/Library/Java/JavaVirtualMachines/jdk1.8.0_161.jdk/Contents/Home/jre/lib/jfr.jar:/Library/Java/JavaVirtualMachines/jdk1.8.0_161.jdk/Contents/Home/jre/lib/jfxswt.jar:/Library/Java/JavaVirtualMachines/jdk1.8.0_161.jdk/Contents/Home/jre/lib/jsse.jar:/Library/Java/JavaVirtualMachines/jdk1.8.0_161.jdk/Contents/Home/jre/lib/management-agent.jar:/Library/Java/JavaVirtualMachines/jdk1.8.0_161.jdk/Contents/Home/jre/lib/plugin.jar:/Library/Java/JavaVirtualMachines/jdk1.8.0_161.jdk/Contents/Home/jre/lib/resources.jar:/Library/Java/JavaVirtualMachines/jdk1.8.0_161.jdk/Contents/Home/jre/lib/rt.jar:/Library/Java/JavaVirtualMachines/jdk1.8.0_161.jdk/Contents/Home/lib/ant-javafx.jar:/Library/Java/JavaVirtualMachines/jdk1.8.0_161.jdk/Contents/Home
Launcher Type: SUN_STANDARD

Environment Variables:
JAVA_HOME=/Library/Java/JavaVirtualMachines/jdk1.8.0_161.jdk/Contents/Home
PATH=/usr/local/opt/make/bin:/usr/local/Cellar/llvm/8.0.0_1/libexec/googletest/lib:/usr/local/Cellar/llvm/8.0.0_1/libexec/googletest/include:/usr/local/Cellar/gcc/9.1.0/bin:/usr/local/Cellar/gcc/9.1.0/lib:/usr/local/opt/llvm@7/bin:/usr/local/Cellar/openssl/1.0.2s/bin:/usr/local/bin:/usr/bin:/bin:/usr/sbin:/sbin:/opt/X11/bin:/zzj/apache-maven-3.5.2/bin:/Library/Java/JavaVirtualMachines/jdk1.8.0_161.jdk/Contents/Home/bin:/zzj/scala-2.12.1/bin:/zzj/proto/bulid/bin
SHELL=/bin/bash
DISPLAY=/private/tmp/com.apple.launchd.sgbESv85HT/org.macosforge.xquartz:0

Signal Handlers:
SIGSEGV: [libjvm.dylib+0x5b5439], sa_mask[0]=11111111011111110111111111111111, sa_flags=SA_ONSTACK|SA_RESTART|SA_SIGINFO
SIGBUS: [libjvm.dylib+0x5b5439], sa_mask[0]=11111111011111110111111111111111, sa_flags=SA_RESTART|SA_SIGINFO
SIGFPE: [libjvm.dylib+0x48ae24], sa_mask[0]=11111111011111110111111111111111, sa_flags=SA_RESTART|SA_SIGINFO
SIGPIPE: [libjvm.dylib+0x48ae24], sa_mask[0]=11111111011111110111111111111111, sa_flags=SA_RESTART|SA_SIGINFO
SIGXFSZ: [libjvm.dylib+0x48ae24], sa_mask[0]=11111111011111110111111111111111, sa_flags=SA_RESTART|SA_SIGINFO
SIGILL: [libjvm.dylib+0x48ae24], sa_mask[0]=11111111011111110111111111111111, sa_flags=SA_RESTART|SA_SIGINFO
SIGUSR1: SIG_DFL, sa_mask[0]=00000000000000000000000000000000, sa_flags=none
SIGUSR2: [libjvm.dylib+0x48a942], sa_mask[0]=00100000000000000000000000000000, sa_flags=SA_RESTART|SA_SIGINFO
SIGHUP: [libjvm.dylib+0x488f0d], sa_mask[0]=11111111011111110111111111111111, sa_flags=SA_RESTART|SA_SIGINFO
SIGINT: [libjvm.dylib+0x488f0d], sa_mask[0]=11111111011111110111111111111111, sa_flags=SA_RESTART|SA_SIGINFO
SIGTERM: [libjvm.dylib+0x488f0d], sa_mask[0]=11111111011111110111111111111111, sa_flags=SA_RESTART|SA_SIGINFO
SIGQUIT: [libjvm.dylib+0x488f0d], sa_mask[0]=11111111011111110111111111111111, sa_flags=SA_RESTART|SA_SIGINFO


---------------  S Y S T E M  ---------------

OS:Bsduname:Darwin 17.7.0 Darwin Kernel Version 17.7.0: Wed Apr 24 21:17:24 PDT 2019; root:xnu-4570.71.45~1/RELEASE_X86_64 x86_64
rlimit: STACK 8192k, CORE 0k, NPROC 709, NOFILE 10240, AS infinity
load average:7.64 6.24 5.82

CPU:total 4 (initial active 4) (2 cores per cpu, 2 threads per core) family 6 model 78 stepping 3, cmov, cx8, fxsr, mmx, sse, sse2, sse3, ssse3, sse4.1, sse4.2, popcnt, avx, avx2, aes, clmul, erms, 3dnowpref, lzcnt, ht, tsc, tscinvbit, bmi1, bmi2, adx

Memory: 4k page, physical 8388608k(23960k free)

/proc/meminfo:


vm_info: Java HotSpot(TM) 64-Bit Server VM (25.161-b12) for bsd-amd64 JRE (1.8.0_161-b12), built on Dec 19 2017 16:22:20 by "java_re" with gcc 4.2.1 (Based on Apple Inc. build 5658) (LLVM build 2336.11.00)

time: Tue Mar 17 18:58:50 2020
elapsed time: 6 seconds (0d 0h 0m 6s)

