[2020-02-24 16:18:39.822] [grpc-default-executor-0] [ERROR] n.d.b.g.c.nameresolver.DiscoveryClientNameResolver - No servers found for schedule-client-server
[2020-02-24 16:18:40.979] [grpc-default-executor-0] [ERROR] n.d.b.g.c.nameresolver.DiscoveryClientNameResolver - No servers found for schedule-client-server
[2020-02-24 16:18:42.403] [grpc-default-executor-0] [ERROR] n.d.b.g.c.nameresolver.DiscoveryClientNameResolver - No servers found for schedule-client-server
[2020-02-24 16:18:45.094] [grpc-default-executor-0] [ERROR] n.d.b.g.c.nameresolver.DiscoveryClientNameResolver - No servers found for schedule-client-server
[2020-02-24 16:18:45.619] [grpc-default-executor-0] [ERROR] n.d.b.g.c.nameresolver.DiscoveryClientNameResolver - No servers found for schedule-client-server
[2020-02-24 16:18:46.517] [grpc-default-executor-0] [ERROR] n.d.b.g.c.nameresolver.DiscoveryClientNameResolver - No servers found for schedule-client-server
[2020-02-24 16:18:48.191] [grpc-default-executor-0] [ERROR] n.d.b.g.c.nameresolver.DiscoveryClientNameResolver - No servers found for schedule-client-server
[2020-02-24 16:18:51.001] [grpc-default-executor-0] [ERROR] n.d.b.g.c.nameresolver.DiscoveryClientNameResolver - No servers found for schedule-client-server
[2020-02-24 16:18:55.506] [grpc-default-executor-0] [ERROR] n.d.b.g.c.nameresolver.DiscoveryClientNameResolver - No servers found for schedule-client-server
[2020-02-24 16:19:01.251] [grpc-default-executor-0] [ERROR] n.d.b.g.c.nameresolver.DiscoveryClientNameResolver - No servers found for schedule-client-server
[2020-02-24 16:19:02.386] [grpc-default-executor-0] [ERROR] n.d.b.g.c.nameresolver.DiscoveryClientNameResolver - No servers found for schedule-client-server
[2020-02-24 16:19:04.304] [grpc-default-executor-0] [ERROR] n.d.b.g.c.nameresolver.DiscoveryClientNameResolver - No servers found for schedule-client-server
[2020-02-24 16:19:06.468] [grpc-default-executor-0] [ERROR] n.d.b.g.c.nameresolver.DiscoveryClientNameResolver - No servers found for schedule-client-server
[2020-02-24 16:19:09.875] [grpc-default-executor-0] [ERROR] n.d.b.g.c.nameresolver.DiscoveryClientNameResolver - No servers found for schedule-client-server
[2020-02-24 16:19:10.148] [grpc-default-executor-0] [ERROR] n.d.b.g.c.nameresolver.DiscoveryClientNameResolver - No servers found for schedule-client-server
[2020-02-24 16:19:17.338] [grpc-default-executor-0] [ERROR] n.d.b.g.c.nameresolver.DiscoveryClientNameResolver - No servers found for schedule-client-server
[2020-02-24 16:19:26.468] [grpc-default-executor-0] [ERROR] n.d.b.g.c.nameresolver.DiscoveryClientNameResolver - No servers found for schedule-client-server
[2020-02-24 16:33:00.094] [do-something-pool-0] [ERROR] com.piesat.schedule.rpc.thread.ScheduleThread - java.lang.IllegalArgumentException: 'name' must not be null
	at org.springframework.util.Assert.notNull(Assert.java:198)
	at org.springframework.beans.factory.BeanFactoryUtils.transformedBeanName(BeanFactoryUtils.java:82)
	at org.springframework.beans.factory.support.AbstractBeanFactory.transformedBeanName(AbstractBeanFactory.java:1124)
	at org.springframework.beans.factory.support.AbstractBeanFactory.doGetBean(AbstractBeanFactory.java:242)
	at org.springframework.beans.factory.support.AbstractBeanFactory.getBean(AbstractBeanFactory.java:199)
	at org.springframework.context.support.AbstractApplicationContext.getBean(AbstractApplicationContext.java:1083)
	at com.piesat.common.grpc.config.SpringUtil.getBean(SpringUtil.java:54)
	at com.piesat.schedule.rpc.thread.ScheduleThread.lambda$trigger$0(ScheduleThread.java:218)
	at java.util.concurrent.ThreadPoolExecutor.runWorker(ThreadPoolExecutor.java:1149)
	at java.util.concurrent.ThreadPoolExecutor$Worker.run(ThreadPoolExecutor.java:624)
	at java.lang.Thread.run(Thread.java:748)

[2020-02-24 16:33:00.201] [do-something-pool-1] [ERROR] com.piesat.schedule.rpc.thread.ScheduleThread - java.lang.IllegalArgumentException: 'name' must not be null
	at org.springframework.util.Assert.notNull(Assert.java:198)
	at org.springframework.beans.factory.BeanFactoryUtils.transformedBeanName(BeanFactoryUtils.java:82)
	at org.springframework.beans.factory.support.AbstractBeanFactory.transformedBeanName(AbstractBeanFactory.java:1124)
	at org.springframework.beans.factory.support.AbstractBeanFactory.doGetBean(AbstractBeanFactory.java:242)
	at org.springframework.beans.factory.support.AbstractBeanFactory.getBean(AbstractBeanFactory.java:199)
	at org.springframework.context.support.AbstractApplicationContext.getBean(AbstractApplicationContext.java:1083)
	at com.piesat.common.grpc.config.SpringUtil.getBean(SpringUtil.java:54)
	at com.piesat.schedule.rpc.thread.ScheduleThread.lambda$trigger$0(ScheduleThread.java:218)
	at java.util.concurrent.ThreadPoolExecutor.runWorker(ThreadPoolExecutor.java:1149)
	at java.util.concurrent.ThreadPoolExecutor$Worker.run(ThreadPoolExecutor.java:624)
	at java.lang.Thread.run(Thread.java:748)

[2020-02-24 16:48:16.512] [job -run] [ERROR] com.piesat.schedule.rpc.thread.ScheduleThread - org.springframework.dao.QueryTimeoutException: Redis command timed out; nested exception is io.lettuce.core.RedisCommandTimeoutException: Command timed out after 5 second(s)
	at org.springframework.data.redis.connection.lettuce.LettuceExceptionConverter.convert(LettuceExceptionConverter.java:70)
	at org.springframework.data.redis.connection.lettuce.LettuceExceptionConverter.convert(LettuceExceptionConverter.java:41)
	at org.springframework.data.redis.PassThroughExceptionTranslationStrategy.translate(PassThroughExceptionTranslationStrategy.java:44)
	at org.springframework.data.redis.FallbackExceptionTranslationStrategy.translate(FallbackExceptionTranslationStrategy.java:42)
	at org.springframework.data.redis.connection.lettuce.LettuceConnection.convertLettuceAccessException(LettuceConnection.java:268)
	at org.springframework.data.redis.connection.lettuce.LettuceStringCommands.convertLettuceAccessException(LettuceStringCommands.java:799)
	at org.springframework.data.redis.connection.lettuce.LettuceStringCommands.setNX(LettuceStringCommands.java:205)
	at org.springframework.data.redis.connection.DefaultedRedisConnection.setNX(DefaultedRedisConnection.java:288)
	at sun.reflect.GeneratedMethodAccessor142.invoke(Unknown Source)
	at sun.reflect.DelegatingMethodAccessorImpl.invoke(DelegatingMethodAccessorImpl.java:43)
	at java.lang.reflect.Method.invoke(Method.java:498)
	at org.springframework.data.redis.core.CloseSuppressingInvocationHandler.invoke(CloseSuppressingInvocationHandler.java:61)
	at com.sun.proxy.$Proxy211.setNX(Unknown Source)
	at com.piesat.schedule.rpc.lock.RedisLock.lambda$lock$0(RedisLock.java:35)
	at org.springframework.data.redis.core.RedisTemplate.execute(RedisTemplate.java:224)
	at org.springframework.data.redis.core.RedisTemplate.execute(RedisTemplate.java:184)
	at org.springframework.data.redis.core.RedisTemplate.execute(RedisTemplate.java:171)
	at com.piesat.schedule.rpc.lock.RedisLock.lock(RedisLock.java:32)
	at com.piesat.schedule.rpc.thread.ScheduleThread.jobToTrrigerWhile(ScheduleThread.java:92)
	at com.piesat.schedule.rpc.thread.ScheduleThread.jobToTrriger(ScheduleThread.java:80)
	at java.lang.Thread.run(Thread.java:748)
Caused by: io.lettuce.core.RedisCommandTimeoutException: Command timed out after 5 second(s)
	at io.lettuce.core.ExceptionFactory.createTimeoutException(ExceptionFactory.java:51)
	at io.lettuce.core.LettuceFutures.awaitOrCancel(LettuceFutures.java:114)
	at io.lettuce.core.FutureSyncInvocationHandler.handleInvocation(FutureSyncInvocationHandler.java:69)
	at io.lettuce.core.internal.AbstractInvocationHandler.invoke(AbstractInvocationHandler.java:80)
	at com.sun.proxy.$Proxy190.setnx(Unknown Source)
	at org.springframework.data.redis.connection.lettuce.LettuceStringCommands.setNX(LettuceStringCommands.java:203)
	... 14 more

[2020-02-24 17:33:00.049] [do-something-pool-0] [ERROR] com.piesat.schedule.rpc.thread.ScheduleThread - java.lang.IllegalArgumentException: 'name' must not be null
	at org.springframework.util.Assert.notNull(Assert.java:198)
	at org.springframework.beans.factory.BeanFactoryUtils.transformedBeanName(BeanFactoryUtils.java:82)
	at org.springframework.beans.factory.support.AbstractBeanFactory.transformedBeanName(AbstractBeanFactory.java:1124)
	at org.springframework.beans.factory.support.AbstractBeanFactory.doGetBean(AbstractBeanFactory.java:242)
	at org.springframework.beans.factory.support.AbstractBeanFactory.getBean(AbstractBeanFactory.java:199)
	at org.springframework.context.support.AbstractApplicationContext.getBean(AbstractApplicationContext.java:1083)
	at com.piesat.common.grpc.config.SpringUtil.getBean(SpringUtil.java:54)
	at com.piesat.schedule.rpc.thread.ScheduleThread.lambda$trigger$0(ScheduleThread.java:218)
	at java.util.concurrent.ThreadPoolExecutor.runWorker(ThreadPoolExecutor.java:1149)
	at java.util.concurrent.ThreadPoolExecutor$Worker.run(ThreadPoolExecutor.java:624)
	at java.lang.Thread.run(Thread.java:748)

[2020-02-24 17:33:00.049] [do-something-pool-1] [ERROR] com.piesat.schedule.rpc.thread.ScheduleThread - java.lang.IllegalArgumentException: 'name' must not be null
	at org.springframework.util.Assert.notNull(Assert.java:198)
	at org.springframework.beans.factory.BeanFactoryUtils.transformedBeanName(BeanFactoryUtils.java:82)
	at org.springframework.beans.factory.support.AbstractBeanFactory.transformedBeanName(AbstractBeanFactory.java:1124)
	at org.springframework.beans.factory.support.AbstractBeanFactory.doGetBean(AbstractBeanFactory.java:242)
	at org.springframework.beans.factory.support.AbstractBeanFactory.getBean(AbstractBeanFactory.java:199)
	at org.springframework.context.support.AbstractApplicationContext.getBean(AbstractApplicationContext.java:1083)
	at com.piesat.common.grpc.config.SpringUtil.getBean(SpringUtil.java:54)
	at com.piesat.schedule.rpc.thread.ScheduleThread.lambda$trigger$0(ScheduleThread.java:218)
	at java.util.concurrent.ThreadPoolExecutor.runWorker(ThreadPoolExecutor.java:1149)
	at java.util.concurrent.ThreadPoolExecutor$Worker.run(ThreadPoolExecutor.java:624)
	at java.lang.Thread.run(Thread.java:748)

[2020-02-24 18:33:00.196] [do-something-pool-2] [ERROR] com.piesat.schedule.rpc.thread.ScheduleThread - java.lang.IllegalArgumentException: 'name' must not be null
	at org.springframework.util.Assert.notNull(Assert.java:198)
	at org.springframework.beans.factory.BeanFactoryUtils.transformedBeanName(BeanFactoryUtils.java:82)
	at org.springframework.beans.factory.support.AbstractBeanFactory.transformedBeanName(AbstractBeanFactory.java:1124)
	at org.springframework.beans.factory.support.AbstractBeanFactory.doGetBean(AbstractBeanFactory.java:242)
	at org.springframework.beans.factory.support.AbstractBeanFactory.getBean(AbstractBeanFactory.java:199)
	at org.springframework.context.support.AbstractApplicationContext.getBean(AbstractApplicationContext.java:1083)
	at com.piesat.common.grpc.config.SpringUtil.getBean(SpringUtil.java:54)
	at com.piesat.schedule.rpc.thread.ScheduleThread.lambda$trigger$0(ScheduleThread.java:218)
	at java.util.concurrent.ThreadPoolExecutor.runWorker(ThreadPoolExecutor.java:1149)
	at java.util.concurrent.ThreadPoolExecutor$Worker.run(ThreadPoolExecutor.java:624)
	at java.lang.Thread.run(Thread.java:748)

[2020-02-24 18:33:00.202] [do-something-pool-3] [ERROR] com.piesat.schedule.rpc.thread.ScheduleThread - java.lang.IllegalArgumentException: 'name' must not be null
	at org.springframework.util.Assert.notNull(Assert.java:198)
	at org.springframework.beans.factory.BeanFactoryUtils.transformedBeanName(BeanFactoryUtils.java:82)
	at org.springframework.beans.factory.support.AbstractBeanFactory.transformedBeanName(AbstractBeanFactory.java:1124)
	at org.springframework.beans.factory.support.AbstractBeanFactory.doGetBean(AbstractBeanFactory.java:242)
	at org.springframework.beans.factory.support.AbstractBeanFactory.getBean(AbstractBeanFactory.java:199)
	at org.springframework.context.support.AbstractApplicationContext.getBean(AbstractApplicationContext.java:1083)
	at com.piesat.common.grpc.config.SpringUtil.getBean(SpringUtil.java:54)
	at com.piesat.schedule.rpc.thread.ScheduleThread.lambda$trigger$0(ScheduleThread.java:218)
	at java.util.concurrent.ThreadPoolExecutor.runWorker(ThreadPoolExecutor.java:1149)
	at java.util.concurrent.ThreadPoolExecutor$Worker.run(ThreadPoolExecutor.java:624)
	at java.lang.Thread.run(Thread.java:748)

