[2020-02-24 16:11:43.639] [main] [INFO ] c.p.schedule.web.controller.ScheduleApplication - No active profile set, falling back to default profiles: default
[2020-02-24 16:11:45.963] [main] [INFO ] o.s.d.r.config.RepositoryConfigurationDelegate - Multiple Spring Data modules found, entering strict repository configuration mode!
[2020-02-24 16:11:45.964] [main] [INFO ] o.s.d.r.config.RepositoryConfigurationDelegate - Bootstrapping Spring Data repositories in DEFAULT mode.
[2020-02-24 16:11:46.302] [main] [INFO ] o.s.d.r.config.RepositoryConfigurationDelegate - Finished Spring Data repository scanning in 328ms. Found 15 repository interfaces.
[2020-02-24 16:11:46.665] [main] [INFO ] o.s.d.r.config.RepositoryConfigurationDelegate - Multiple Spring Data modules found, entering strict repository configuration mode!
[2020-02-24 16:11:46.667] [main] [INFO ] o.s.d.r.config.RepositoryConfigurationDelegate - Bootstrapping Spring Data repositories in DEFAULT mode.
[2020-02-24 16:11:46.691] [main] [INFO ] o.s.d.r.config.RepositoryConfigurationDelegate - Finished Spring Data repository scanning in 9ms. Found 0 repository interfaces.
[2020-02-24 16:11:47.633] [main] [INFO ] o.springframework.cloud.context.scope.GenericScope - BeanFactory id=815153b9-a30d-38f1-b576-294697d1bf49
[2020-02-24 16:11:47.674] [main] [INFO ] o.s.c.s.PostProcessorRegistrationDelegate$BeanPostProcessorChecker - Bean 'shiroConfig' of type [com.piesat.sso.client.config.ShiroConfig$$EnhancerBySpringCGLIB$$9c98a3e7] is not eligible for getting processed by all BeanPostProcessors (for example: not eligible for auto-proxying)
[2020-02-24 16:11:47.889] [main] [INFO ] o.s.c.s.PostProcessorRegistrationDelegate$BeanPostProcessorChecker - Bean 'hashedCredentialsMatcher' of type [org.apache.shiro.authc.credential.HashedCredentialsMatcher] is not eligible for getting processed by all BeanPostProcessors (for example: not eligible for auto-proxying)
[2020-02-24 16:11:47.893] [main] [INFO ] o.s.c.s.PostProcessorRegistrationDelegate$BeanPostProcessorChecker - Bean 'htShiroRealm' of type [com.piesat.sso.client.shiro.HtShiroRealm] is not eligible for getting processed by all BeanPostProcessors (for example: not eligible for auto-proxying)
[2020-02-24 16:11:47.900] [main] [INFO ] o.s.c.s.PostProcessorRegistrationDelegate$BeanPostProcessorChecker - Bean 'redisConfig' of type [com.piesat.sso.client.config.RedisConfig$$EnhancerBySpringCGLIB$$e7672b31] is not eligible for getting processed by all BeanPostProcessors (for example: not eligible for auto-proxying)
[2020-02-24 16:11:47.927] [main] [INFO ] o.s.c.s.PostProcessorRegistrationDelegate$BeanPostProcessorChecker - Bean 'spring.redis-org.springframework.boot.autoconfigure.data.redis.RedisProperties' of type [org.springframework.boot.autoconfigure.data.redis.RedisProperties] is not eligible for getting processed by all BeanPostProcessors (for example: not eligible for auto-proxying)
[2020-02-24 16:11:47.939] [main] [INFO ] o.s.c.s.PostProcessorRegistrationDelegate$BeanPostProcessorChecker - Bean 'org.springframework.boot.autoconfigure.data.redis.LettuceConnectionConfiguration' of type [org.springframework.boot.autoconfigure.data.redis.LettuceConnectionConfiguration$$EnhancerBySpringCGLIB$$39615a68] is not eligible for getting processed by all BeanPostProcessors (for example: not eligible for auto-proxying)
[2020-02-24 16:11:48.120] [main] [INFO ] o.s.c.s.PostProcessorRegistrationDelegate$BeanPostProcessorChecker - Bean 'lettuceClientResources' of type [io.lettuce.core.resource.DefaultClientResources] is not eligible for getting processed by all BeanPostProcessors (for example: not eligible for auto-proxying)
[2020-02-24 16:11:48.355] [main] [INFO ] o.s.c.s.PostProcessorRegistrationDelegate$BeanPostProcessorChecker - Bean 'redisConnectionFactory' of type [org.springframework.data.redis.connection.lettuce.LettuceConnectionFactory] is not eligible for getting processed by all BeanPostProcessors (for example: not eligible for auto-proxying)
[2020-02-24 16:11:48.388] [main] [INFO ] o.s.c.s.PostProcessorRegistrationDelegate$BeanPostProcessorChecker - Bean 'shiroRedisTemplate' of type [org.springframework.data.redis.core.RedisTemplate] is not eligible for getting processed by all BeanPostProcessors (for example: not eligible for auto-proxying)
[2020-02-24 16:11:48.388] [main] [INFO ] o.s.c.s.PostProcessorRegistrationDelegate$BeanPostProcessorChecker - Bean 'redisManager' of type [com.piesat.sso.client.shiro.HtRedisManager] is not eligible for getting processed by all BeanPostProcessors (for example: not eligible for auto-proxying)
[2020-02-24 16:11:48.391] [main] [INFO ] o.s.c.s.PostProcessorRegistrationDelegate$BeanPostProcessorChecker - Bean 'redisSessionDAO' of type [com.piesat.sso.client.shiro.HtRedisSessionDAO] is not eligible for getting processed by all BeanPostProcessors (for example: not eligible for auto-proxying)
[2020-02-24 16:11:48.393] [main] [INFO ] o.s.c.s.PostProcessorRegistrationDelegate$BeanPostProcessorChecker - Bean 'cookie' of type [org.apache.shiro.web.servlet.SimpleCookie] is not eligible for getting processed by all BeanPostProcessors (for example: not eligible for auto-proxying)
[2020-02-24 16:11:48.397] [main] [INFO ] o.s.c.s.PostProcessorRegistrationDelegate$BeanPostProcessorChecker - Bean 'sessionManager' of type [com.piesat.sso.client.shiro.HtSessionManager] is not eligible for getting processed by all BeanPostProcessors (for example: not eligible for auto-proxying)
[2020-02-24 16:11:48.399] [main] [INFO ] o.s.c.s.PostProcessorRegistrationDelegate$BeanPostProcessorChecker - Bean 'cacheManager' of type [com.piesat.sso.client.shiro.HtRedisCacheManager] is not eligible for getting processed by all BeanPostProcessors (for example: not eligible for auto-proxying)
[2020-02-24 16:11:48.403] [main] [INFO ] o.s.c.s.PostProcessorRegistrationDelegate$BeanPostProcessorChecker - Bean 'securityManager' of type [org.apache.shiro.web.mgt.DefaultWebSecurityManager] is not eligible for getting processed by all BeanPostProcessors (for example: not eligible for auto-proxying)
[2020-02-24 16:11:48.530] [main] [INFO ] o.s.c.s.PostProcessorRegistrationDelegate$BeanPostProcessorChecker - Bean 'authorizationAttributeSourceAdvisor' of type [org.apache.shiro.spring.security.interceptor.AuthorizationAttributeSourceAdvisor] is not eligible for getting processed by all BeanPostProcessors (for example: not eligible for auto-proxying)
[2020-02-24 16:11:48.665] [main] [INFO ] o.s.c.s.PostProcessorRegistrationDelegate$BeanPostProcessorChecker - Bean 'org.springframework.transaction.annotation.ProxyTransactionManagementConfiguration' of type [org.springframework.transaction.annotation.ProxyTransactionManagementConfiguration$$EnhancerBySpringCGLIB$$24479c1e] is not eligible for getting processed by all BeanPostProcessors (for example: not eligible for auto-proxying)
[2020-02-24 16:11:49.207] [main] [INFO ] o.s.c.s.PostProcessorRegistrationDelegate$BeanPostProcessorChecker - Bean 'org.springframework.cloud.autoconfigure.ConfigurationPropertiesRebinderAutoConfiguration' of type [org.springframework.cloud.autoconfigure.ConfigurationPropertiesRebinderAutoConfiguration$$EnhancerBySpringCGLIB$$40619f1b] is not eligible for getting processed by all BeanPostProcessors (for example: not eligible for auto-proxying)
[2020-02-24 16:11:50.098] [main] [INFO ] o.s.boot.web.embedded.tomcat.TomcatWebServer - Tomcat initialized with port(s): 8005 (http)
[2020-02-24 16:11:50.125] [main] [INFO ] org.apache.coyote.http11.Http11NioProtocol - Initializing ProtocolHandler ["http-nio-8005"]
[2020-02-24 16:11:50.137] [main] [INFO ] org.apache.catalina.core.StandardService - Starting service [Tomcat]
[2020-02-24 16:11:50.138] [main] [INFO ] org.apache.catalina.core.StandardEngine - Starting Servlet Engine: Apache Tomcat/9.0.12
[2020-02-24 16:11:50.147] [main] [INFO ] org.apache.catalina.core.AprLifecycleListener - The APR based Apache Tomcat Native library which allows optimal performance in production environments was not found on the java.library.path: [/Users/zzj/Library/Java/Extensions:/Library/Java/Extensions:/Network/Library/Java/Extensions:/System/Library/Java/Extensions:/usr/lib/java:.]
[2020-02-24 16:11:50.349] [main] [INFO ] o.a.c.core.ContainerBase.[Tomcat].[localhost].[/] - Initializing Spring embedded WebApplicationContext
[2020-02-24 16:11:50.349] [main] [INFO ] org.springframework.web.context.ContextLoader - Root WebApplicationContext: initialization completed in 6639 ms
[2020-02-24 16:11:50.552] [main] [INFO ] o.s.boot.web.servlet.ServletRegistrationBean - Servlet dispatcherServlet mapped to [/]
[2020-02-24 16:11:50.565] [main] [INFO ] o.s.boot.web.servlet.FilterRegistrationBean - Mapping filter: 'characterEncodingFilter' to: [/*]
[2020-02-24 16:11:50.565] [main] [INFO ] o.s.boot.web.servlet.FilterRegistrationBean - Mapping filter: 'shiroLoginFilter' to: [/*]
[2020-02-24 16:11:50.566] [main] [INFO ] o.s.boot.web.servlet.FilterRegistrationBean - Mapping filter: 'securityBasicAuthFilter' to: [/*]
[2020-02-24 16:11:50.566] [main] [INFO ] o.s.boot.web.servlet.FilterRegistrationBean - Mapping filter: 'productionSecurityFilter' to: [/*]
[2020-02-24 16:11:50.566] [main] [INFO ] o.s.boot.web.servlet.FilterRegistrationBean - Mapping filter: 'shirFilter' to: [/*]
[2020-02-24 16:11:51.386] [main] [INFO ] com.alibaba.druid.pool.DruidDataSource - {dataSource-1} inited
[2020-02-24 16:11:51.870] [main] [INFO ] org.hibernate.jpa.internal.util.LogHelper - HHH000204: Processing PersistenceUnitInfo [
	name: default
	...]
[2020-02-24 16:11:52.023] [main] [INFO ] org.hibernate.Version - HHH000412: Hibernate Core {5.3.7.Final}
[2020-02-24 16:11:52.028] [main] [INFO ] org.hibernate.cfg.Environment - HHH000206: hibernate.properties not found
[2020-02-24 16:11:52.276] [main] [INFO ] org.hibernate.annotations.common.Version - HCANN000001: Hibernate Commons Annotations {5.0.4.Final}
[2020-02-24 16:11:52.588] [main] [INFO ] org.hibernate.dialect.Dialect - HHH000400: Using dialect: org.hibernate.dialect.MySQL5InnoDBDialect
[2020-02-24 16:11:56.440] [main] [INFO ] o.s.orm.jpa.LocalContainerEntityManagerFactoryBean - Initialized JPA EntityManagerFactory for persistence unit 'default'
[2020-02-24 16:12:01.522] [main] [INFO ] io.lettuce.core.EpollProvider - Starting without optional epoll library
[2020-02-24 16:12:01.524] [main] [INFO ] io.lettuce.core.KqueueProvider - Starting without optional kqueue library
[2020-02-24 16:12:02.584] [main] [INFO ] n.d.b.g.c.nameresolver.NameResolverRegistration - DiscoveryClientResolverFactory [scheme=discovery, discoveryClient=org.springframework.cloud.client.discovery.composite.CompositeDiscoveryClient@2cef4321] is available -> Added to the NameResolverRegistry
[2020-02-24 16:12:02.584] [main] [INFO ] n.d.b.g.c.nameresolver.NameResolverRegistration - net.devh.boot.grpc.server.nameresolver.SelfNameResolverFactory@2aee0173 is available -> Added to the NameResolverRegistry
[2020-02-24 16:12:04.446] [main] [INFO ] s.d.s.w.PropertySourcedRequestMappingHandlerMapping - Mapped URL path [/v2/api-docs] onto method [public org.springframework.http.ResponseEntity<springfox.documentation.spring.web.json.Json> springfox.documentation.swagger2.web.Swagger2Controller.getDocumentation(java.lang.String,javax.servlet.http.HttpServletRequest)]
[2020-02-24 16:12:05.050] [main] [INFO ] com.netflix.config.sources.URLConfigurationSource - To enable URLs as dynamic configuration sources, define System property archaius.configurationSource.additionalUrls or make config.properties available on classpath.
[2020-02-24 16:12:05.062] [main] [INFO ] com.netflix.config.sources.URLConfigurationSource - To enable URLs as dynamic configuration sources, define System property archaius.configurationSource.additionalUrls or make config.properties available on classpath.
[2020-02-24 16:12:05.913] [main] [INFO ] com.datastax.driver.core.GuavaCompatibility - Detected Guava >= 19 in the classpath, using modern compatibility layer
[2020-02-24 16:12:06.260] [job -run] [INFO ] com.piesat.schedule.rpc.thread.ScheduleThread - >>>>>>>>>>> job, schedule misfire, jobId = c02457c630ee41ceb805285df0a8591c
[2020-02-24 16:12:06.273] [job -run] [INFO ] com.piesat.schedule.rpc.thread.ScheduleThread - >>>>>>>>>>> job, schedule misfire, jobId = fcf0d7d98bc24fa087918846c451a55f
[2020-02-24 16:12:06.451] [main] [INFO ] com.datastax.driver.core.ClockFactory - Using native clock to generate timestamps.
[2020-02-24 16:12:08.144] [main] [INFO ] o.s.cloud.netflix.eureka.InstanceInfoFactory - Setting initial instance status as: STARTING
[2020-02-24 16:12:08.207] [main] [INFO ] com.netflix.discovery.DiscoveryClient - Initializing Eureka in region us-east-1
[2020-02-24 16:12:08.352] [main] [INFO ] c.n.discovery.provider.DiscoveryJerseyProvider - Using JSON encoding codec LegacyJacksonJson
[2020-02-24 16:12:08.352] [main] [INFO ] c.n.discovery.provider.DiscoveryJerseyProvider - Using JSON decoding codec LegacyJacksonJson
[2020-02-24 16:12:08.628] [main] [INFO ] c.n.discovery.provider.DiscoveryJerseyProvider - Using XML encoding codec XStreamXml
[2020-02-24 16:12:08.629] [main] [INFO ] c.n.discovery.provider.DiscoveryJerseyProvider - Using XML decoding codec XStreamXml
[2020-02-24 16:12:09.190] [main] [INFO ] c.n.d.shared.resolver.aws.ConfigClusterResolver - Resolving eureka endpoints via configuration
[2020-02-24 16:12:09.219] [main] [INFO ] com.netflix.discovery.DiscoveryClient - Disable delta property : false
[2020-02-24 16:12:09.219] [main] [INFO ] com.netflix.discovery.DiscoveryClient - Single vip registry refresh property : null
[2020-02-24 16:12:09.219] [main] [INFO ] com.netflix.discovery.DiscoveryClient - Force full registry fetch : false
[2020-02-24 16:12:09.220] [main] [INFO ] com.netflix.discovery.DiscoveryClient - Application is null : false
[2020-02-24 16:12:09.220] [main] [INFO ] com.netflix.discovery.DiscoveryClient - Registered Applications size is zero : true
[2020-02-24 16:12:09.220] [main] [INFO ] com.netflix.discovery.DiscoveryClient - Application version is -1: true
[2020-02-24 16:12:09.220] [main] [INFO ] com.netflix.discovery.DiscoveryClient - Getting all instance registry info from the eureka server
[2020-02-24 16:12:09.572] [main] [INFO ] com.netflix.discovery.DiscoveryClient - The response status is 200
[2020-02-24 16:12:09.576] [main] [INFO ] com.netflix.discovery.DiscoveryClient - Starting heartbeat executor: renew interval is: 30
[2020-02-24 16:12:09.583] [main] [INFO ] com.netflix.discovery.InstanceInfoReplicator - InstanceInfoReplicator onDemand update allowed rate per min is 4
[2020-02-24 16:12:09.593] [main] [INFO ] com.netflix.discovery.DiscoveryClient - Discovery Client initialized at timestamp 1582531929589 with initial instances count: 6
[2020-02-24 16:12:09.620] [main] [INFO ] o.s.c.n.e.serviceregistry.EurekaServiceRegistry - Registering application schedule-server with eureka with status UP
[2020-02-24 16:12:09.622] [main] [INFO ] com.netflix.discovery.DiscoveryClient - Saw local status change event StatusChangeEvent [timestamp=1582531929622, current=UP, previous=STARTING]
[2020-02-24 16:12:09.626] [DiscoveryClient-InstanceInfoReplicator-0] [INFO ] com.netflix.discovery.DiscoveryClient - DiscoveryClient_SCHEDULE-SERVER/cengzhajindembp.lan:schedule-server:8005: registering service...
[2020-02-24 16:12:09.640] [main] [INFO ] s.d.s.web.plugins.DocumentationPluginsBootstrapper - Context refreshed
[2020-02-24 16:12:09.667] [main] [INFO ] s.d.s.web.plugins.DocumentationPluginsBootstrapper - Found 1 custom documentation plugin(s)
[2020-02-24 16:12:09.694] [DiscoveryClient-InstanceInfoReplicator-0] [INFO ] com.netflix.discovery.DiscoveryClient - DiscoveryClient_SCHEDULE-SERVER/cengzhajindembp.lan:schedule-server:8005 - registration status: 204
[2020-02-24 16:12:09.737] [main] [INFO ] s.d.spring.web.scanners.ApiListingReferenceScanner - Scanning for api listing references
[2020-02-24 16:12:10.158] [main] [INFO ] s.d.s.w.r.operation.CachingOperationNameGenerator - Generating unique operation named: getInfoUsingGET_1
[2020-02-24 16:12:10.181] [main] [INFO ] s.d.s.w.r.operation.CachingOperationNameGenerator - Generating unique operation named: listUsingGET_1
[2020-02-24 16:12:10.185] [main] [INFO ] s.d.s.w.r.operation.CachingOperationNameGenerator - Generating unique operation named: removeUsingDELETE_1
[2020-02-24 16:12:10.207] [main] [INFO ] s.d.s.w.r.operation.CachingOperationNameGenerator - Generating unique operation named: addUsingPOST_1
[2020-02-24 16:12:10.209] [main] [INFO ] s.d.s.w.r.operation.CachingOperationNameGenerator - Generating unique operation named: editUsingPUT_1
[2020-02-24 16:12:10.211] [main] [INFO ] s.d.s.w.r.operation.CachingOperationNameGenerator - Generating unique operation named: findDataClassIdUsingGET_1
[2020-02-24 16:12:10.213] [main] [INFO ] s.d.s.w.r.operation.CachingOperationNameGenerator - Generating unique operation named: findDatabaseUsingGET_1
[2020-02-24 16:12:10.234] [main] [INFO ] s.d.s.w.r.operation.CachingOperationNameGenerator - Generating unique operation named: getInfoUsingGET_2
[2020-02-24 16:12:10.243] [main] [INFO ] s.d.s.w.r.operation.CachingOperationNameGenerator - Generating unique operation named: listUsingGET_2
[2020-02-24 16:12:10.245] [main] [INFO ] s.d.s.w.r.operation.CachingOperationNameGenerator - Generating unique operation named: removeUsingDELETE_2
[2020-02-24 16:12:10.261] [main] [INFO ] s.d.s.w.r.operation.CachingOperationNameGenerator - Generating unique operation named: getInfoUsingGET_3
[2020-02-24 16:12:10.267] [main] [INFO ] s.d.s.w.r.operation.CachingOperationNameGenerator - Generating unique operation named: listUsingGET_3
[2020-02-24 16:12:10.269] [main] [INFO ] s.d.s.w.r.operation.CachingOperationNameGenerator - Generating unique operation named: removeUsingDELETE_3
[2020-02-24 16:12:10.358] [main] [INFO ] s.d.s.w.r.operation.CachingOperationNameGenerator - Generating unique operation named: addUsingPOST_2
[2020-02-24 16:12:10.361] [main] [INFO ] s.d.s.w.r.operation.CachingOperationNameGenerator - Generating unique operation named: editUsingPUT_2
[2020-02-24 16:12:10.363] [main] [INFO ] s.d.s.w.r.operation.CachingOperationNameGenerator - Generating unique operation named: findDataClassIdUsingGET_2
[2020-02-24 16:12:10.366] [main] [INFO ] s.d.s.w.r.operation.CachingOperationNameGenerator - Generating unique operation named: findDatabaseUsingGET_2
[2020-02-24 16:12:10.385] [main] [INFO ] s.d.s.w.r.operation.CachingOperationNameGenerator - Generating unique operation named: getInfoUsingGET_4
[2020-02-24 16:12:10.392] [main] [INFO ] s.d.s.w.r.operation.CachingOperationNameGenerator - Generating unique operation named: listUsingGET_4
[2020-02-24 16:12:10.394] [main] [INFO ] s.d.s.w.r.operation.CachingOperationNameGenerator - Generating unique operation named: removeUsingDELETE_4
[2020-02-24 16:12:10.412] [main] [INFO ] s.d.s.w.r.operation.CachingOperationNameGenerator - Generating unique operation named: getInfoUsingGET_5
[2020-02-24 16:12:10.418] [main] [INFO ] s.d.s.w.r.operation.CachingOperationNameGenerator - Generating unique operation named: listUsingGET_5
[2020-02-24 16:12:10.422] [main] [INFO ] s.d.s.w.r.operation.CachingOperationNameGenerator - Generating unique operation named: removeUsingDELETE_5
[2020-02-24 16:12:10.501] [main] [INFO ] s.d.s.w.r.operation.CachingOperationNameGenerator - Generating unique operation named: listUsingGET_6
[2020-02-24 16:12:10.608] [main] [INFO ] n.d.b.g.s.serverfactory.AbstractGrpcServerFactory - Registered gRPC service: CommonService, bean: commonService, class: com.piesat.common.grpc.service.CommonService
[2020-02-24 16:12:10.802] [main] [INFO ] n.d.b.g.server.serverfactory.GrpcServerLifecycle - gRPC Server started, listening on address: *, port: 8006
[2020-02-24 16:12:10.822] [main] [INFO ] org.apache.coyote.http11.Http11NioProtocol - Starting ProtocolHandler ["http-nio-8005"]
[2020-02-24 16:12:10.823] [main] [INFO ] org.apache.tomcat.util.net.NioSelectorPool - Using a shared selector for servlet write/read
[2020-02-24 16:12:10.872] [main] [INFO ] o.s.boot.web.embedded.tomcat.TomcatWebServer - Tomcat started on port(s): 8005 (http) with context path ''
[2020-02-24 16:12:10.883] [main] [INFO ] c.p.schedule.web.controller.ScheduleApplication - Started ScheduleApplication in 31.409 seconds (JVM running for 33.511)
[2020-02-24 16:13:18.650] [http-nio-8005-exec-1] [INFO ] o.a.c.core.ContainerBase.[Tomcat].[localhost].[/] - Initializing Spring DispatcherServlet 'dispatcherServlet'
[2020-02-24 16:13:18.651] [http-nio-8005-exec-1] [INFO ] org.springframework.web.servlet.DispatcherServlet - Initializing Servlet 'dispatcherServlet'
[2020-02-24 16:13:18.692] [http-nio-8005-exec-1] [INFO ] org.springframework.web.servlet.DispatcherServlet - Completed initialization in 40 ms
[2020-02-24 16:13:18.723] [http-nio-8005-exec-1] [INFO ] o.a.s.session.mgt.AbstractValidatingSessionManager - Enabling session validation scheduler...
[2020-02-24 16:14:06.267] [http-nio-8005-exec-7] [INFO ] com.piesat.common.grpc.service.GrpcClientService - grpc调用com.piesat.schedule.client.api.ExecutorBiz.findMeta
[2020-02-24 16:14:07.474] [grpc-default-executor-0] [INFO ] n.d.b.g.c.nameresolver.DiscoveryClientNameResolver - Done updating server list for schedule-client-server
[2020-02-24 16:14:10.779] [http-nio-8005-exec-7] [INFO ] com.piesat.common.grpc.binding.GrpcServiceProxy - grpccom.piesat.schedule.client.api.ExecutorBiz.findMeta,返回码0
[2020-02-24 16:17:09.230] [AsyncResolver-bootstrap-executor-0] [INFO ] c.n.d.shared.resolver.aws.ConfigClusterResolver - Resolving eureka endpoints via configuration
[2020-02-24 16:19:39.893] [grpc-default-executor-2] [INFO ] n.d.b.g.c.nameresolver.DiscoveryClientNameResolver - Done updating server list for schedule-client-server
[2020-02-24 16:19:45.455] [http-nio-8005-exec-10] [INFO ] com.piesat.common.grpc.service.GrpcClientService - grpc调用com.piesat.schedule.client.api.ExecutorBiz.findMeta
[2020-02-24 16:19:48.063] [http-nio-8005-exec-10] [INFO ] com.piesat.common.grpc.binding.GrpcServiceProxy - grpccom.piesat.schedule.client.api.ExecutorBiz.findMeta,返回码0
[2020-02-24 16:22:09.242] [AsyncResolver-bootstrap-executor-0] [INFO ] c.n.d.shared.resolver.aws.ConfigClusterResolver - Resolving eureka endpoints via configuration
[2020-02-24 16:27:09.253] [AsyncResolver-bootstrap-executor-0] [INFO ] c.n.d.shared.resolver.aws.ConfigClusterResolver - Resolving eureka endpoints via configuration
[2020-02-24 16:32:09.263] [AsyncResolver-bootstrap-executor-0] [INFO ] c.n.d.shared.resolver.aws.ConfigClusterResolver - Resolving eureka endpoints via configuration
[2020-02-24 16:37:09.273] [AsyncResolver-bootstrap-executor-0] [INFO ] c.n.d.shared.resolver.aws.ConfigClusterResolver - Resolving eureka endpoints via configuration
[2020-02-24 16:42:09.287] [AsyncResolver-bootstrap-executor-0] [INFO ] c.n.d.shared.resolver.aws.ConfigClusterResolver - Resolving eureka endpoints via configuration
[2020-02-24 16:42:38.233] [http-nio-8005-exec-5] [INFO ] com.piesat.common.grpc.service.GrpcClientService - grpc调用com.piesat.ucenter.rpc.api.system.RoleService.getRolePermission
[2020-02-24 16:42:38.295] [grpc-default-executor-2] [INFO ] n.d.b.g.c.nameresolver.DiscoveryClientNameResolver - Done updating server list for ucenter-server
[2020-02-24 16:42:38.344] [http-nio-8005-exec-5] [INFO ] com.piesat.common.grpc.binding.GrpcServiceProxy - grpccom.piesat.ucenter.rpc.api.system.RoleService.getRolePermission,返回码0
[2020-02-24 16:42:38.344] [http-nio-8005-exec-5] [INFO ] com.piesat.common.grpc.service.GrpcClientService - grpc调用com.piesat.ucenter.rpc.api.system.MenuService.getMenuPermission
[2020-02-24 16:42:38.365] [http-nio-8005-exec-5] [INFO ] com.piesat.common.grpc.binding.GrpcServiceProxy - grpccom.piesat.ucenter.rpc.api.system.MenuService.getMenuPermission,返回码0
[2020-02-24 16:42:38.389] [http-nio-8005-exec-5] [INFO ] com.piesat.common.grpc.service.GrpcClientService - grpc调用com.piesat.schedule.client.api.ExecutorBiz.findMeta
[2020-02-24 16:42:39.970] [http-nio-8005-exec-5] [INFO ] com.piesat.common.grpc.binding.GrpcServiceProxy - grpccom.piesat.schedule.client.api.ExecutorBiz.findMeta,返回码0
[2020-02-24 16:46:05.526] [http-nio-8005-exec-3] [INFO ] com.piesat.common.grpc.service.GrpcClientService - grpc调用com.piesat.schedule.client.api.ExecutorBiz.findMeta
[2020-02-24 16:46:07.179] [http-nio-8005-exec-3] [INFO ] com.piesat.common.grpc.binding.GrpcServiceProxy - grpccom.piesat.schedule.client.api.ExecutorBiz.findMeta,返回码0
[2020-02-24 16:48:16.483] [AsyncResolver-bootstrap-executor-0] [INFO ] c.n.d.shared.resolver.aws.ConfigClusterResolver - Resolving eureka endpoints via configuration
[2020-02-24 16:48:16.665] [Thread-8] [INFO ] n.d.b.g.server.serverfactory.GrpcServerLifecycle - gRPC server shutdown.
[2020-02-24 16:48:16.667] [Thread-8] [INFO ] o.s.c.n.e.serviceregistry.EurekaServiceRegistry - Unregistering application schedule-server with eureka with status DOWN
[2020-02-24 16:48:16.672] [DiscoveryClient-InstanceInfoReplicator-0] [INFO ] com.netflix.discovery.DiscoveryClient - DiscoveryClient_SCHEDULE-SERVER/cengzhajindembp.lan:schedule-server:8005: registering service...
[2020-02-24 16:48:16.683] [DiscoveryClient-InstanceInfoReplicator-0] [INFO ] com.netflix.discovery.DiscoveryClient - DiscoveryClient_SCHEDULE-SERVER/cengzhajindembp.lan:schedule-server:8005 - registration status: 204
[2020-02-24 16:48:16.715] [Thread-8] [INFO ] n.d.b.g.c.nameresolver.NameResolverRegistration - DiscoveryClientResolverFactory [scheme=discovery, discoveryClient=org.springframework.cloud.client.discovery.composite.CompositeDiscoveryClient@2cef4321] was removed from the NameResolverRegistry
[2020-02-24 16:48:16.716] [Thread-8] [INFO ] n.d.b.g.c.nameresolver.NameResolverRegistration - net.devh.boot.grpc.server.nameresolver.SelfNameResolverFactory@2aee0173 was removed from the NameResolverRegistry
[2020-02-24 16:48:50.690] [main] [INFO ] c.p.schedule.web.controller.ScheduleApplication - No active profile set, falling back to default profiles: default
[2020-02-24 16:48:53.336] [main] [INFO ] o.s.d.r.config.RepositoryConfigurationDelegate - Multiple Spring Data modules found, entering strict repository configuration mode!
[2020-02-24 16:48:53.336] [main] [INFO ] o.s.d.r.config.RepositoryConfigurationDelegate - Bootstrapping Spring Data repositories in DEFAULT mode.
[2020-02-24 16:48:53.817] [main] [INFO ] o.s.d.r.config.RepositoryConfigurationDelegate - Finished Spring Data repository scanning in 465ms. Found 15 repository interfaces.
[2020-02-24 16:48:54.302] [main] [INFO ] o.s.d.r.config.RepositoryConfigurationDelegate - Multiple Spring Data modules found, entering strict repository configuration mode!
[2020-02-24 16:48:54.306] [main] [INFO ] o.s.d.r.config.RepositoryConfigurationDelegate - Bootstrapping Spring Data repositories in DEFAULT mode.
[2020-02-24 16:48:54.365] [main] [INFO ] o.s.d.r.config.RepositoryConfigurationDelegate - Finished Spring Data repository scanning in 14ms. Found 0 repository interfaces.
[2020-02-24 16:48:56.592] [main] [INFO ] o.springframework.cloud.context.scope.GenericScope - BeanFactory id=815153b9-a30d-38f1-b576-294697d1bf49
[2020-02-24 16:48:56.645] [main] [INFO ] o.s.c.s.PostProcessorRegistrationDelegate$BeanPostProcessorChecker - Bean 'shiroConfig' of type [com.piesat.sso.client.config.ShiroConfig$$EnhancerBySpringCGLIB$$530a9a03] is not eligible for getting processed by all BeanPostProcessors (for example: not eligible for auto-proxying)
[2020-02-24 16:48:57.148] [main] [INFO ] o.s.c.s.PostProcessorRegistrationDelegate$BeanPostProcessorChecker - Bean 'hashedCredentialsMatcher' of type [org.apache.shiro.authc.credential.HashedCredentialsMatcher] is not eligible for getting processed by all BeanPostProcessors (for example: not eligible for auto-proxying)
[2020-02-24 16:48:57.157] [main] [INFO ] o.s.c.s.PostProcessorRegistrationDelegate$BeanPostProcessorChecker - Bean 'htShiroRealm' of type [com.piesat.sso.client.shiro.HtShiroRealm] is not eligible for getting processed by all BeanPostProcessors (for example: not eligible for auto-proxying)
[2020-02-24 16:48:57.188] [main] [INFO ] o.s.c.s.PostProcessorRegistrationDelegate$BeanPostProcessorChecker - Bean 'redisConfig' of type [com.piesat.sso.client.config.RedisConfig$$EnhancerBySpringCGLIB$$9dd9214d] is not eligible for getting processed by all BeanPostProcessors (for example: not eligible for auto-proxying)
[2020-02-24 16:48:57.248] [main] [INFO ] o.s.c.s.PostProcessorRegistrationDelegate$BeanPostProcessorChecker - Bean 'spring.redis-org.springframework.boot.autoconfigure.data.redis.RedisProperties' of type [org.springframework.boot.autoconfigure.data.redis.RedisProperties] is not eligible for getting processed by all BeanPostProcessors (for example: not eligible for auto-proxying)
[2020-02-24 16:48:57.255] [main] [INFO ] o.s.c.s.PostProcessorRegistrationDelegate$BeanPostProcessorChecker - Bean 'org.springframework.boot.autoconfigure.data.redis.LettuceConnectionConfiguration' of type [org.springframework.boot.autoconfigure.data.redis.LettuceConnectionConfiguration$$EnhancerBySpringCGLIB$$efd35084] is not eligible for getting processed by all BeanPostProcessors (for example: not eligible for auto-proxying)
[2020-02-24 16:48:57.613] [main] [INFO ] o.s.c.s.PostProcessorRegistrationDelegate$BeanPostProcessorChecker - Bean 'lettuceClientResources' of type [io.lettuce.core.resource.DefaultClientResources] is not eligible for getting processed by all BeanPostProcessors (for example: not eligible for auto-proxying)
[2020-02-24 16:48:57.793] [main] [INFO ] o.s.c.s.PostProcessorRegistrationDelegate$BeanPostProcessorChecker - Bean 'redisConnectionFactory' of type [org.springframework.data.redis.connection.lettuce.LettuceConnectionFactory] is not eligible for getting processed by all BeanPostProcessors (for example: not eligible for auto-proxying)
[2020-02-24 16:48:57.819] [main] [INFO ] o.s.c.s.PostProcessorRegistrationDelegate$BeanPostProcessorChecker - Bean 'shiroRedisTemplate' of type [org.springframework.data.redis.core.RedisTemplate] is not eligible for getting processed by all BeanPostProcessors (for example: not eligible for auto-proxying)
[2020-02-24 16:48:57.819] [main] [INFO ] o.s.c.s.PostProcessorRegistrationDelegate$BeanPostProcessorChecker - Bean 'redisManager' of type [com.piesat.sso.client.shiro.HtRedisManager] is not eligible for getting processed by all BeanPostProcessors (for example: not eligible for auto-proxying)
[2020-02-24 16:48:57.835] [main] [INFO ] o.s.c.s.PostProcessorRegistrationDelegate$BeanPostProcessorChecker - Bean 'redisSessionDAO' of type [com.piesat.sso.client.shiro.HtRedisSessionDAO] is not eligible for getting processed by all BeanPostProcessors (for example: not eligible for auto-proxying)
[2020-02-24 16:48:57.842] [main] [INFO ] o.s.c.s.PostProcessorRegistrationDelegate$BeanPostProcessorChecker - Bean 'cookie' of type [org.apache.shiro.web.servlet.SimpleCookie] is not eligible for getting processed by all BeanPostProcessors (for example: not eligible for auto-proxying)
[2020-02-24 16:48:57.849] [main] [INFO ] o.s.c.s.PostProcessorRegistrationDelegate$BeanPostProcessorChecker - Bean 'sessionManager' of type [com.piesat.sso.client.shiro.HtSessionManager] is not eligible for getting processed by all BeanPostProcessors (for example: not eligible for auto-proxying)
[2020-02-24 16:48:57.853] [main] [INFO ] o.s.c.s.PostProcessorRegistrationDelegate$BeanPostProcessorChecker - Bean 'cacheManager' of type [com.piesat.sso.client.shiro.HtRedisCacheManager] is not eligible for getting processed by all BeanPostProcessors (for example: not eligible for auto-proxying)
[2020-02-24 16:48:57.865] [main] [INFO ] o.s.c.s.PostProcessorRegistrationDelegate$BeanPostProcessorChecker - Bean 'securityManager' of type [org.apache.shiro.web.mgt.DefaultWebSecurityManager] is not eligible for getting processed by all BeanPostProcessors (for example: not eligible for auto-proxying)
[2020-02-24 16:48:58.024] [main] [INFO ] o.s.c.s.PostProcessorRegistrationDelegate$BeanPostProcessorChecker - Bean 'authorizationAttributeSourceAdvisor' of type [org.apache.shiro.spring.security.interceptor.AuthorizationAttributeSourceAdvisor] is not eligible for getting processed by all BeanPostProcessors (for example: not eligible for auto-proxying)
[2020-02-24 16:48:58.218] [main] [INFO ] o.s.c.s.PostProcessorRegistrationDelegate$BeanPostProcessorChecker - Bean 'org.springframework.transaction.annotation.ProxyTransactionManagementConfiguration' of type [org.springframework.transaction.annotation.ProxyTransactionManagementConfiguration$$EnhancerBySpringCGLIB$$dab9923a] is not eligible for getting processed by all BeanPostProcessors (for example: not eligible for auto-proxying)
[2020-02-24 16:48:58.588] [main] [INFO ] o.s.c.s.PostProcessorRegistrationDelegate$BeanPostProcessorChecker - Bean 'org.springframework.cloud.autoconfigure.ConfigurationPropertiesRebinderAutoConfiguration' of type [org.springframework.cloud.autoconfigure.ConfigurationPropertiesRebinderAutoConfiguration$$EnhancerBySpringCGLIB$$f6d39537] is not eligible for getting processed by all BeanPostProcessors (for example: not eligible for auto-proxying)
[2020-02-24 16:48:59.748] [main] [INFO ] o.s.boot.web.embedded.tomcat.TomcatWebServer - Tomcat initialized with port(s): 8005 (http)
[2020-02-24 16:48:59.772] [main] [INFO ] org.apache.coyote.http11.Http11NioProtocol - Initializing ProtocolHandler ["http-nio-8005"]
[2020-02-24 16:48:59.787] [main] [INFO ] org.apache.catalina.core.StandardService - Starting service [Tomcat]
[2020-02-24 16:48:59.787] [main] [INFO ] org.apache.catalina.core.StandardEngine - Starting Servlet Engine: Apache Tomcat/9.0.12
[2020-02-24 16:48:59.798] [main] [INFO ] org.apache.catalina.core.AprLifecycleListener - The APR based Apache Tomcat Native library which allows optimal performance in production environments was not found on the java.library.path: [/Users/zzj/Library/Java/Extensions:/Library/Java/Extensions:/Network/Library/Java/Extensions:/System/Library/Java/Extensions:/usr/lib/java:.]
[2020-02-24 16:49:00.118] [main] [INFO ] o.a.c.core.ContainerBase.[Tomcat].[localhost].[/] - Initializing Spring embedded WebApplicationContext
[2020-02-24 16:49:00.119] [main] [INFO ] org.springframework.web.context.ContextLoader - Root WebApplicationContext: initialization completed in 9333 ms
[2020-02-24 16:49:00.338] [main] [INFO ] o.s.boot.web.servlet.ServletRegistrationBean - Servlet dispatcherServlet mapped to [/]
[2020-02-24 16:49:00.349] [main] [INFO ] o.s.boot.web.servlet.FilterRegistrationBean - Mapping filter: 'characterEncodingFilter' to: [/*]
[2020-02-24 16:49:00.350] [main] [INFO ] o.s.boot.web.servlet.FilterRegistrationBean - Mapping filter: 'shiroLoginFilter' to: [/*]
[2020-02-24 16:49:00.350] [main] [INFO ] o.s.boot.web.servlet.FilterRegistrationBean - Mapping filter: 'securityBasicAuthFilter' to: [/*]
[2020-02-24 16:49:00.350] [main] [INFO ] o.s.boot.web.servlet.FilterRegistrationBean - Mapping filter: 'productionSecurityFilter' to: [/*]
[2020-02-24 16:49:00.350] [main] [INFO ] o.s.boot.web.servlet.FilterRegistrationBean - Mapping filter: 'shirFilter' to: [/*]
[2020-02-24 16:49:01.345] [main] [INFO ] com.alibaba.druid.pool.DruidDataSource - {dataSource-1} inited
[2020-02-24 16:49:01.903] [main] [INFO ] org.hibernate.jpa.internal.util.LogHelper - HHH000204: Processing PersistenceUnitInfo [
	name: default
	...]
[2020-02-24 16:49:02.027] [main] [INFO ] org.hibernate.Version - HHH000412: Hibernate Core {5.3.7.Final}
[2020-02-24 16:49:02.033] [main] [INFO ] org.hibernate.cfg.Environment - HHH000206: hibernate.properties not found
[2020-02-24 16:49:02.361] [main] [INFO ] org.hibernate.annotations.common.Version - HCANN000001: Hibernate Commons Annotations {5.0.4.Final}
[2020-02-24 16:49:02.712] [main] [INFO ] org.hibernate.dialect.Dialect - HHH000400: Using dialect: org.hibernate.dialect.MySQL5InnoDBDialect
[2020-02-24 16:49:07.008] [main] [INFO ] o.s.orm.jpa.LocalContainerEntityManagerFactoryBean - Initialized JPA EntityManagerFactory for persistence unit 'default'
[2020-02-24 16:49:12.658] [main] [INFO ] io.lettuce.core.EpollProvider - Starting without optional epoll library
[2020-02-24 16:49:12.664] [main] [INFO ] io.lettuce.core.KqueueProvider - Starting without optional kqueue library
[2020-02-24 16:49:14.026] [main] [INFO ] n.d.b.g.c.nameresolver.NameResolverRegistration - DiscoveryClientResolverFactory [scheme=discovery, discoveryClient=org.springframework.cloud.client.discovery.composite.CompositeDiscoveryClient@1e23e1ef] is available -> Added to the NameResolverRegistry
[2020-02-24 16:49:14.026] [main] [INFO ] n.d.b.g.c.nameresolver.NameResolverRegistration - net.devh.boot.grpc.server.nameresolver.SelfNameResolverFactory@20de9df is available -> Added to the NameResolverRegistry
[2020-02-24 16:49:16.253] [main] [INFO ] s.d.s.w.PropertySourcedRequestMappingHandlerMapping - Mapped URL path [/v2/api-docs] onto method [public org.springframework.http.ResponseEntity<springfox.documentation.spring.web.json.Json> springfox.documentation.swagger2.web.Swagger2Controller.getDocumentation(java.lang.String,javax.servlet.http.HttpServletRequest)]
[2020-02-24 16:49:17.060] [main] [INFO ] com.netflix.config.sources.URLConfigurationSource - To enable URLs as dynamic configuration sources, define System property archaius.configurationSource.additionalUrls or make config.properties available on classpath.
[2020-02-24 16:49:17.071] [main] [INFO ] com.netflix.config.sources.URLConfigurationSource - To enable URLs as dynamic configuration sources, define System property archaius.configurationSource.additionalUrls or make config.properties available on classpath.
[2020-02-24 16:49:18.041] [main] [INFO ] com.datastax.driver.core.GuavaCompatibility - Detected Guava >= 19 in the classpath, using modern compatibility layer
[2020-02-24 16:49:18.775] [main] [INFO ] com.datastax.driver.core.ClockFactory - Using native clock to generate timestamps.
[2020-02-24 16:49:21.251] [main] [INFO ] o.s.cloud.netflix.eureka.InstanceInfoFactory - Setting initial instance status as: STARTING
[2020-02-24 16:49:21.315] [main] [INFO ] com.netflix.discovery.DiscoveryClient - Initializing Eureka in region us-east-1
[2020-02-24 16:49:21.495] [main] [INFO ] c.n.discovery.provider.DiscoveryJerseyProvider - Using JSON encoding codec LegacyJacksonJson
[2020-02-24 16:49:21.495] [main] [INFO ] c.n.discovery.provider.DiscoveryJerseyProvider - Using JSON decoding codec LegacyJacksonJson
[2020-02-24 16:49:21.867] [main] [INFO ] c.n.discovery.provider.DiscoveryJerseyProvider - Using XML encoding codec XStreamXml
[2020-02-24 16:49:21.867] [main] [INFO ] c.n.discovery.provider.DiscoveryJerseyProvider - Using XML decoding codec XStreamXml
[2020-02-24 16:49:22.505] [main] [INFO ] c.n.d.shared.resolver.aws.ConfigClusterResolver - Resolving eureka endpoints via configuration
[2020-02-24 16:49:22.582] [main] [INFO ] com.netflix.discovery.DiscoveryClient - Disable delta property : false
[2020-02-24 16:49:22.582] [main] [INFO ] com.netflix.discovery.DiscoveryClient - Single vip registry refresh property : null
[2020-02-24 16:49:22.582] [main] [INFO ] com.netflix.discovery.DiscoveryClient - Force full registry fetch : false
[2020-02-24 16:49:22.582] [main] [INFO ] com.netflix.discovery.DiscoveryClient - Application is null : false
[2020-02-24 16:49:22.582] [main] [INFO ] com.netflix.discovery.DiscoveryClient - Registered Applications size is zero : true
[2020-02-24 16:49:22.582] [main] [INFO ] com.netflix.discovery.DiscoveryClient - Application version is -1: true
[2020-02-24 16:49:22.582] [main] [INFO ] com.netflix.discovery.DiscoveryClient - Getting all instance registry info from the eureka server
[2020-02-24 16:49:23.442] [main] [INFO ] com.netflix.discovery.DiscoveryClient - The response status is 200
[2020-02-24 16:49:23.448] [main] [INFO ] com.netflix.discovery.DiscoveryClient - Starting heartbeat executor: renew interval is: 30
[2020-02-24 16:49:23.452] [main] [INFO ] com.netflix.discovery.InstanceInfoReplicator - InstanceInfoReplicator onDemand update allowed rate per min is 4
[2020-02-24 16:49:23.460] [main] [INFO ] com.netflix.discovery.DiscoveryClient - Discovery Client initialized at timestamp 1582534163456 with initial instances count: 8
[2020-02-24 16:49:23.492] [main] [INFO ] o.s.c.n.e.serviceregistry.EurekaServiceRegistry - Registering application schedule-server with eureka with status UP
[2020-02-24 16:49:23.493] [main] [INFO ] com.netflix.discovery.DiscoveryClient - Saw local status change event StatusChangeEvent [timestamp=1582534163493, current=UP, previous=STARTING]
[2020-02-24 16:49:23.495] [DiscoveryClient-InstanceInfoReplicator-0] [INFO ] com.netflix.discovery.DiscoveryClient - DiscoveryClient_SCHEDULE-SERVER/cengzhajindembp.lan:schedule-server:8005: registering service...
[2020-02-24 16:49:23.505] [main] [INFO ] s.d.s.web.plugins.DocumentationPluginsBootstrapper - Context refreshed
[2020-02-24 16:49:23.602] [main] [INFO ] s.d.s.web.plugins.DocumentationPluginsBootstrapper - Found 1 custom documentation plugin(s)
[2020-02-24 16:49:23.728] [DiscoveryClient-InstanceInfoReplicator-0] [INFO ] com.netflix.discovery.DiscoveryClient - DiscoveryClient_SCHEDULE-SERVER/cengzhajindembp.lan:schedule-server:8005 - registration status: 204
[2020-02-24 16:49:23.781] [main] [INFO ] s.d.spring.web.scanners.ApiListingReferenceScanner - Scanning for api listing references
[2020-02-24 16:49:24.369] [main] [INFO ] s.d.s.w.r.operation.CachingOperationNameGenerator - Generating unique operation named: getInfoUsingGET_1
[2020-02-24 16:49:24.385] [main] [INFO ] s.d.s.w.r.operation.CachingOperationNameGenerator - Generating unique operation named: listUsingGET_1
[2020-02-24 16:49:24.397] [main] [INFO ] s.d.s.w.r.operation.CachingOperationNameGenerator - Generating unique operation named: removeUsingDELETE_1
[2020-02-24 16:49:24.440] [main] [INFO ] s.d.s.w.r.operation.CachingOperationNameGenerator - Generating unique operation named: addUsingPOST_1
[2020-02-24 16:49:24.445] [main] [INFO ] s.d.s.w.r.operation.CachingOperationNameGenerator - Generating unique operation named: editUsingPUT_1
[2020-02-24 16:49:24.449] [main] [INFO ] s.d.s.w.r.operation.CachingOperationNameGenerator - Generating unique operation named: findDataClassIdUsingGET_1
[2020-02-24 16:49:24.451] [main] [INFO ] s.d.s.w.r.operation.CachingOperationNameGenerator - Generating unique operation named: findDatabaseUsingGET_1
[2020-02-24 16:49:24.477] [main] [INFO ] s.d.s.w.r.operation.CachingOperationNameGenerator - Generating unique operation named: getInfoUsingGET_2
[2020-02-24 16:49:24.490] [main] [INFO ] s.d.s.w.r.operation.CachingOperationNameGenerator - Generating unique operation named: listUsingGET_2
[2020-02-24 16:49:24.493] [main] [INFO ] s.d.s.w.r.operation.CachingOperationNameGenerator - Generating unique operation named: removeUsingDELETE_2
[2020-02-24 16:49:24.514] [main] [INFO ] s.d.s.w.r.operation.CachingOperationNameGenerator - Generating unique operation named: getInfoUsingGET_3
[2020-02-24 16:49:24.538] [main] [INFO ] s.d.s.w.r.operation.CachingOperationNameGenerator - Generating unique operation named: listUsingGET_3
[2020-02-24 16:49:24.545] [main] [INFO ] s.d.s.w.r.operation.CachingOperationNameGenerator - Generating unique operation named: removeUsingDELETE_3
[2020-02-24 16:49:24.766] [main] [INFO ] s.d.s.w.r.operation.CachingOperationNameGenerator - Generating unique operation named: addUsingPOST_2
[2020-02-24 16:49:24.770] [main] [INFO ] s.d.s.w.r.operation.CachingOperationNameGenerator - Generating unique operation named: editUsingPUT_2
[2020-02-24 16:49:24.774] [main] [INFO ] s.d.s.w.r.operation.CachingOperationNameGenerator - Generating unique operation named: findDataClassIdUsingGET_2
[2020-02-24 16:49:24.780] [main] [INFO ] s.d.s.w.r.operation.CachingOperationNameGenerator - Generating unique operation named: findDatabaseUsingGET_2
[2020-02-24 16:49:24.816] [main] [INFO ] s.d.s.w.r.operation.CachingOperationNameGenerator - Generating unique operation named: getInfoUsingGET_4
[2020-02-24 16:49:24.837] [main] [INFO ] s.d.s.w.r.operation.CachingOperationNameGenerator - Generating unique operation named: listUsingGET_4
[2020-02-24 16:49:24.841] [main] [INFO ] s.d.s.w.r.operation.CachingOperationNameGenerator - Generating unique operation named: removeUsingDELETE_4
[2020-02-24 16:49:24.860] [main] [INFO ] s.d.s.w.r.operation.CachingOperationNameGenerator - Generating unique operation named: getInfoUsingGET_5
[2020-02-24 16:49:24.868] [main] [INFO ] s.d.s.w.r.operation.CachingOperationNameGenerator - Generating unique operation named: listUsingGET_5
[2020-02-24 16:49:24.870] [main] [INFO ] s.d.s.w.r.operation.CachingOperationNameGenerator - Generating unique operation named: removeUsingDELETE_5
[2020-02-24 16:49:24.959] [main] [INFO ] s.d.s.w.r.operation.CachingOperationNameGenerator - Generating unique operation named: listUsingGET_6
[2020-02-24 16:49:25.178] [main] [INFO ] n.d.b.g.s.serverfactory.AbstractGrpcServerFactory - Registered gRPC service: CommonService, bean: commonService, class: com.piesat.common.grpc.service.CommonService
[2020-02-24 16:49:25.408] [main] [INFO ] n.d.b.g.server.serverfactory.GrpcServerLifecycle - gRPC Server started, listening on address: *, port: 8006
[2020-02-24 16:49:25.436] [main] [INFO ] org.apache.coyote.http11.Http11NioProtocol - Starting ProtocolHandler ["http-nio-8005"]
[2020-02-24 16:49:25.438] [main] [INFO ] org.apache.tomcat.util.net.NioSelectorPool - Using a shared selector for servlet write/read
[2020-02-24 16:49:25.485] [main] [INFO ] o.s.boot.web.embedded.tomcat.TomcatWebServer - Tomcat started on port(s): 8005 (http) with context path ''
[2020-02-24 16:49:25.491] [main] [INFO ] c.p.schedule.web.controller.ScheduleApplication - Started ScheduleApplication in 39.246 seconds (JVM running for 41.903)
[2020-02-24 16:49:37.215] [http-nio-8005-exec-1] [INFO ] o.a.c.core.ContainerBase.[Tomcat].[localhost].[/] - Initializing Spring DispatcherServlet 'dispatcherServlet'
[2020-02-24 16:49:37.217] [http-nio-8005-exec-1] [INFO ] org.springframework.web.servlet.DispatcherServlet - Initializing Servlet 'dispatcherServlet'
[2020-02-24 16:49:37.255] [http-nio-8005-exec-1] [INFO ] org.springframework.web.servlet.DispatcherServlet - Completed initialization in 38 ms
[2020-02-24 16:49:37.283] [http-nio-8005-exec-1] [INFO ] o.a.s.session.mgt.AbstractValidatingSessionManager - Enabling session validation scheduler...
[2020-02-24 16:49:37.665] [http-nio-8005-exec-1] [INFO ] com.piesat.common.grpc.service.GrpcClientService - grpc调用com.piesat.schedule.client.api.ExecutorBiz.findMeta
[2020-02-24 16:49:38.900] [grpc-default-executor-0] [INFO ] n.d.b.g.c.nameresolver.DiscoveryClientNameResolver - Done updating server list for schedule-client-server
[2020-02-24 16:49:40.507] [http-nio-8005-exec-1] [INFO ] com.piesat.common.grpc.binding.GrpcServiceProxy - grpccom.piesat.schedule.client.api.ExecutorBiz.findMeta,返回码0
[2020-02-24 16:54:22.593] [AsyncResolver-bootstrap-executor-0] [INFO ] c.n.d.shared.resolver.aws.ConfigClusterResolver - Resolving eureka endpoints via configuration
[2020-02-24 16:54:34.978] [Thread-8] [INFO ] n.d.b.g.server.serverfactory.GrpcServerLifecycle - gRPC server shutdown.
[2020-02-24 16:54:34.981] [Thread-8] [INFO ] o.s.c.n.e.serviceregistry.EurekaServiceRegistry - Unregistering application schedule-server with eureka with status DOWN
[2020-02-24 16:54:34.982] [DiscoveryClient-InstanceInfoReplicator-0] [INFO ] com.netflix.discovery.DiscoveryClient - DiscoveryClient_SCHEDULE-SERVER/cengzhajindembp.lan:schedule-server:8005: registering service...
[2020-02-24 16:54:34.997] [DiscoveryClient-InstanceInfoReplicator-0] [INFO ] com.netflix.discovery.DiscoveryClient - DiscoveryClient_SCHEDULE-SERVER/cengzhajindembp.lan:schedule-server:8005 - registration status: 204
[2020-02-24 16:54:55.009] [main] [INFO ] c.p.schedule.web.controller.ScheduleApplication - No active profile set, falling back to default profiles: default
[2020-02-24 16:54:59.179] [main] [INFO ] o.s.d.r.config.RepositoryConfigurationDelegate - Multiple Spring Data modules found, entering strict repository configuration mode!
[2020-02-24 16:54:59.180] [main] [INFO ] o.s.d.r.config.RepositoryConfigurationDelegate - Bootstrapping Spring Data repositories in DEFAULT mode.
[2020-02-24 16:54:59.746] [main] [INFO ] o.s.d.r.config.RepositoryConfigurationDelegate - Finished Spring Data repository scanning in 554ms. Found 15 repository interfaces.
[2020-02-24 16:55:00.397] [main] [INFO ] o.s.d.r.config.RepositoryConfigurationDelegate - Multiple Spring Data modules found, entering strict repository configuration mode!
[2020-02-24 16:55:00.400] [main] [INFO ] o.s.d.r.config.RepositoryConfigurationDelegate - Bootstrapping Spring Data repositories in DEFAULT mode.
[2020-02-24 16:55:00.426] [main] [INFO ] o.s.d.r.config.RepositoryConfigurationDelegate - Finished Spring Data repository scanning in 11ms. Found 0 repository interfaces.
[2020-02-24 16:55:01.197] [main] [INFO ] o.springframework.cloud.context.scope.GenericScope - BeanFactory id=815153b9-a30d-38f1-b576-294697d1bf49
[2020-02-24 16:55:01.527] [main] [INFO ] o.s.c.s.PostProcessorRegistrationDelegate$BeanPostProcessorChecker - Bean 'shiroConfig' of type [com.piesat.sso.client.config.ShiroConfig$$EnhancerBySpringCGLIB$$d56f8355] is not eligible for getting processed by all BeanPostProcessors (for example: not eligible for auto-proxying)
[2020-02-24 16:55:01.954] [main] [INFO ] o.s.c.s.PostProcessorRegistrationDelegate$BeanPostProcessorChecker - Bean 'hashedCredentialsMatcher' of type [org.apache.shiro.authc.credential.HashedCredentialsMatcher] is not eligible for getting processed by all BeanPostProcessors (for example: not eligible for auto-proxying)
[2020-02-24 16:55:01.978] [main] [INFO ] o.s.c.s.PostProcessorRegistrationDelegate$BeanPostProcessorChecker - Bean 'htShiroRealm' of type [com.piesat.sso.client.shiro.HtShiroRealm] is not eligible for getting processed by all BeanPostProcessors (for example: not eligible for auto-proxying)
[2020-02-24 16:55:02.014] [main] [INFO ] o.s.c.s.PostProcessorRegistrationDelegate$BeanPostProcessorChecker - Bean 'redisConfig' of type [com.piesat.sso.client.config.RedisConfig$$EnhancerBySpringCGLIB$$203e0a9f] is not eligible for getting processed by all BeanPostProcessors (for example: not eligible for auto-proxying)
[2020-02-24 16:55:02.073] [main] [INFO ] o.s.c.s.PostProcessorRegistrationDelegate$BeanPostProcessorChecker - Bean 'spring.redis-org.springframework.boot.autoconfigure.data.redis.RedisProperties' of type [org.springframework.boot.autoconfigure.data.redis.RedisProperties] is not eligible for getting processed by all BeanPostProcessors (for example: not eligible for auto-proxying)
[2020-02-24 16:55:02.083] [main] [INFO ] o.s.c.s.PostProcessorRegistrationDelegate$BeanPostProcessorChecker - Bean 'org.springframework.boot.autoconfigure.data.redis.LettuceConnectionConfiguration' of type [org.springframework.boot.autoconfigure.data.redis.LettuceConnectionConfiguration$$EnhancerBySpringCGLIB$$723839d6] is not eligible for getting processed by all BeanPostProcessors (for example: not eligible for auto-proxying)
[2020-02-24 16:55:02.419] [main] [INFO ] o.s.c.s.PostProcessorRegistrationDelegate$BeanPostProcessorChecker - Bean 'lettuceClientResources' of type [io.lettuce.core.resource.DefaultClientResources] is not eligible for getting processed by all BeanPostProcessors (for example: not eligible for auto-proxying)
[2020-02-24 16:55:02.599] [main] [INFO ] o.s.c.s.PostProcessorRegistrationDelegate$BeanPostProcessorChecker - Bean 'redisConnectionFactory' of type [org.springframework.data.redis.connection.lettuce.LettuceConnectionFactory] is not eligible for getting processed by all BeanPostProcessors (for example: not eligible for auto-proxying)
[2020-02-24 16:55:02.654] [main] [INFO ] o.s.c.s.PostProcessorRegistrationDelegate$BeanPostProcessorChecker - Bean 'shiroRedisTemplate' of type [org.springframework.data.redis.core.RedisTemplate] is not eligible for getting processed by all BeanPostProcessors (for example: not eligible for auto-proxying)
[2020-02-24 16:55:02.655] [main] [INFO ] o.s.c.s.PostProcessorRegistrationDelegate$BeanPostProcessorChecker - Bean 'redisManager' of type [com.piesat.sso.client.shiro.HtRedisManager] is not eligible for getting processed by all BeanPostProcessors (for example: not eligible for auto-proxying)
[2020-02-24 16:55:02.680] [main] [INFO ] o.s.c.s.PostProcessorRegistrationDelegate$BeanPostProcessorChecker - Bean 'redisSessionDAO' of type [com.piesat.sso.client.shiro.HtRedisSessionDAO] is not eligible for getting processed by all BeanPostProcessors (for example: not eligible for auto-proxying)
[2020-02-24 16:55:02.696] [main] [INFO ] o.s.c.s.PostProcessorRegistrationDelegate$BeanPostProcessorChecker - Bean 'cookie' of type [org.apache.shiro.web.servlet.SimpleCookie] is not eligible for getting processed by all BeanPostProcessors (for example: not eligible for auto-proxying)
[2020-02-24 16:55:02.705] [main] [INFO ] o.s.c.s.PostProcessorRegistrationDelegate$BeanPostProcessorChecker - Bean 'sessionManager' of type [com.piesat.sso.client.shiro.HtSessionManager] is not eligible for getting processed by all BeanPostProcessors (for example: not eligible for auto-proxying)
[2020-02-24 16:55:02.716] [main] [INFO ] o.s.c.s.PostProcessorRegistrationDelegate$BeanPostProcessorChecker - Bean 'cacheManager' of type [com.piesat.sso.client.shiro.HtRedisCacheManager] is not eligible for getting processed by all BeanPostProcessors (for example: not eligible for auto-proxying)
[2020-02-24 16:55:02.736] [main] [INFO ] o.s.c.s.PostProcessorRegistrationDelegate$BeanPostProcessorChecker - Bean 'securityManager' of type [org.apache.shiro.web.mgt.DefaultWebSecurityManager] is not eligible for getting processed by all BeanPostProcessors (for example: not eligible for auto-proxying)
[2020-02-24 16:55:03.101] [main] [INFO ] o.s.c.s.PostProcessorRegistrationDelegate$BeanPostProcessorChecker - Bean 'authorizationAttributeSourceAdvisor' of type [org.apache.shiro.spring.security.interceptor.AuthorizationAttributeSourceAdvisor] is not eligible for getting processed by all BeanPostProcessors (for example: not eligible for auto-proxying)
[2020-02-24 16:55:03.563] [main] [INFO ] o.s.c.s.PostProcessorRegistrationDelegate$BeanPostProcessorChecker - Bean 'org.springframework.transaction.annotation.ProxyTransactionManagementConfiguration' of type [org.springframework.transaction.annotation.ProxyTransactionManagementConfiguration$$EnhancerBySpringCGLIB$$5d1e7b8c] is not eligible for getting processed by all BeanPostProcessors (for example: not eligible for auto-proxying)
[2020-02-24 16:55:03.984] [main] [INFO ] o.s.c.s.PostProcessorRegistrationDelegate$BeanPostProcessorChecker - Bean 'org.springframework.cloud.autoconfigure.ConfigurationPropertiesRebinderAutoConfiguration' of type [org.springframework.cloud.autoconfigure.ConfigurationPropertiesRebinderAutoConfiguration$$EnhancerBySpringCGLIB$$79387e89] is not eligible for getting processed by all BeanPostProcessors (for example: not eligible for auto-proxying)
[2020-02-24 16:55:05.208] [main] [INFO ] o.s.boot.web.embedded.tomcat.TomcatWebServer - Tomcat initialized with port(s): 8005 (http)
[2020-02-24 16:55:05.230] [main] [INFO ] org.apache.coyote.http11.Http11NioProtocol - Initializing ProtocolHandler ["http-nio-8005"]
[2020-02-24 16:55:05.240] [main] [INFO ] org.apache.catalina.core.StandardService - Starting service [Tomcat]
[2020-02-24 16:55:05.241] [main] [INFO ] org.apache.catalina.core.StandardEngine - Starting Servlet Engine: Apache Tomcat/9.0.12
[2020-02-24 16:55:05.252] [main] [INFO ] org.apache.catalina.core.AprLifecycleListener - The APR based Apache Tomcat Native library which allows optimal performance in production environments was not found on the java.library.path: [/Users/zzj/Library/Java/Extensions:/Library/Java/Extensions:/Network/Library/Java/Extensions:/System/Library/Java/Extensions:/usr/lib/java:.]
[2020-02-24 16:55:05.576] [main] [INFO ] o.a.c.core.ContainerBase.[Tomcat].[localhost].[/] - Initializing Spring embedded WebApplicationContext
[2020-02-24 16:55:05.577] [main] [INFO ] org.springframework.web.context.ContextLoader - Root WebApplicationContext: initialization completed in 10469 ms
[2020-02-24 16:55:05.773] [main] [INFO ] o.s.boot.web.servlet.ServletRegistrationBean - Servlet dispatcherServlet mapped to [/]
[2020-02-24 16:55:05.789] [main] [INFO ] o.s.boot.web.servlet.FilterRegistrationBean - Mapping filter: 'characterEncodingFilter' to: [/*]
[2020-02-24 16:55:05.789] [main] [INFO ] o.s.boot.web.servlet.FilterRegistrationBean - Mapping filter: 'shiroLoginFilter' to: [/*]
[2020-02-24 16:55:05.789] [main] [INFO ] o.s.boot.web.servlet.FilterRegistrationBean - Mapping filter: 'securityBasicAuthFilter' to: [/*]
[2020-02-24 16:55:05.789] [main] [INFO ] o.s.boot.web.servlet.FilterRegistrationBean - Mapping filter: 'productionSecurityFilter' to: [/*]
[2020-02-24 16:55:05.790] [main] [INFO ] o.s.boot.web.servlet.FilterRegistrationBean - Mapping filter: 'shirFilter' to: [/*]
[2020-02-24 16:55:06.730] [main] [INFO ] com.alibaba.druid.pool.DruidDataSource - {dataSource-1} inited
[2020-02-24 16:55:07.819] [main] [INFO ] org.hibernate.jpa.internal.util.LogHelper - HHH000204: Processing PersistenceUnitInfo [
	name: default
	...]
[2020-02-24 16:55:07.953] [main] [INFO ] org.hibernate.Version - HHH000412: Hibernate Core {5.3.7.Final}
[2020-02-24 16:55:07.958] [main] [INFO ] org.hibernate.cfg.Environment - HHH000206: hibernate.properties not found
[2020-02-24 16:55:08.250] [main] [INFO ] org.hibernate.annotations.common.Version - HCANN000001: Hibernate Commons Annotations {5.0.4.Final}
[2020-02-24 16:55:08.559] [main] [INFO ] org.hibernate.dialect.Dialect - HHH000400: Using dialect: org.hibernate.dialect.MySQL5InnoDBDialect
[2020-02-24 16:55:13.565] [main] [INFO ] o.s.orm.jpa.LocalContainerEntityManagerFactoryBean - Initialized JPA EntityManagerFactory for persistence unit 'default'
[2020-02-24 16:55:19.333] [main] [INFO ] io.lettuce.core.EpollProvider - Starting without optional epoll library
[2020-02-24 16:55:19.336] [main] [INFO ] io.lettuce.core.KqueueProvider - Starting without optional kqueue library
[2020-02-24 16:55:20.401] [main] [INFO ] n.d.b.g.c.nameresolver.NameResolverRegistration - DiscoveryClientResolverFactory [scheme=discovery, discoveryClient=org.springframework.cloud.client.discovery.composite.CompositeDiscoveryClient@2c1eba2e] is available -> Added to the NameResolverRegistry
[2020-02-24 16:55:20.401] [main] [INFO ] n.d.b.g.c.nameresolver.NameResolverRegistration - net.devh.boot.grpc.server.nameresolver.SelfNameResolverFactory@35b97c69 is available -> Added to the NameResolverRegistry
[2020-02-24 16:55:22.199] [main] [INFO ] s.d.s.w.PropertySourcedRequestMappingHandlerMapping - Mapped URL path [/v2/api-docs] onto method [public org.springframework.http.ResponseEntity<springfox.documentation.spring.web.json.Json> springfox.documentation.swagger2.web.Swagger2Controller.getDocumentation(java.lang.String,javax.servlet.http.HttpServletRequest)]
[2020-02-24 16:55:22.669] [main] [INFO ] com.netflix.config.sources.URLConfigurationSource - To enable URLs as dynamic configuration sources, define System property archaius.configurationSource.additionalUrls or make config.properties available on classpath.
[2020-02-24 16:55:22.754] [main] [INFO ] com.netflix.config.sources.URLConfigurationSource - To enable URLs as dynamic configuration sources, define System property archaius.configurationSource.additionalUrls or make config.properties available on classpath.
[2020-02-24 16:55:23.518] [main] [INFO ] com.datastax.driver.core.GuavaCompatibility - Detected Guava >= 19 in the classpath, using modern compatibility layer
[2020-02-24 16:55:24.004] [main] [INFO ] com.datastax.driver.core.ClockFactory - Using native clock to generate timestamps.
[2020-02-24 16:55:25.343] [main] [INFO ] o.s.cloud.netflix.eureka.InstanceInfoFactory - Setting initial instance status as: STARTING
[2020-02-24 16:55:25.400] [main] [INFO ] com.netflix.discovery.DiscoveryClient - Initializing Eureka in region us-east-1
[2020-02-24 16:55:25.559] [main] [INFO ] c.n.discovery.provider.DiscoveryJerseyProvider - Using JSON encoding codec LegacyJacksonJson
[2020-02-24 16:55:25.560] [main] [INFO ] c.n.discovery.provider.DiscoveryJerseyProvider - Using JSON decoding codec LegacyJacksonJson
[2020-02-24 16:55:25.755] [main] [INFO ] c.n.discovery.provider.DiscoveryJerseyProvider - Using XML encoding codec XStreamXml
[2020-02-24 16:55:25.756] [main] [INFO ] c.n.discovery.provider.DiscoveryJerseyProvider - Using XML decoding codec XStreamXml
[2020-02-24 16:55:26.272] [main] [INFO ] c.n.d.shared.resolver.aws.ConfigClusterResolver - Resolving eureka endpoints via configuration
[2020-02-24 16:55:26.305] [main] [INFO ] com.netflix.discovery.DiscoveryClient - Disable delta property : false
[2020-02-24 16:55:26.305] [main] [INFO ] com.netflix.discovery.DiscoveryClient - Single vip registry refresh property : null
[2020-02-24 16:55:26.305] [main] [INFO ] com.netflix.discovery.DiscoveryClient - Force full registry fetch : false
[2020-02-24 16:55:26.305] [main] [INFO ] com.netflix.discovery.DiscoveryClient - Application is null : false
[2020-02-24 16:55:26.305] [main] [INFO ] com.netflix.discovery.DiscoveryClient - Registered Applications size is zero : true
[2020-02-24 16:55:26.305] [main] [INFO ] com.netflix.discovery.DiscoveryClient - Application version is -1: true
[2020-02-24 16:55:26.305] [main] [INFO ] com.netflix.discovery.DiscoveryClient - Getting all instance registry info from the eureka server
[2020-02-24 16:55:26.666] [main] [INFO ] com.netflix.discovery.DiscoveryClient - The response status is 200
[2020-02-24 16:55:26.673] [main] [INFO ] com.netflix.discovery.DiscoveryClient - Starting heartbeat executor: renew interval is: 30
[2020-02-24 16:55:26.677] [main] [INFO ] com.netflix.discovery.InstanceInfoReplicator - InstanceInfoReplicator onDemand update allowed rate per min is 4
[2020-02-24 16:55:26.682] [main] [INFO ] com.netflix.discovery.DiscoveryClient - Discovery Client initialized at timestamp 1582534526680 with initial instances count: 7
[2020-02-24 16:55:26.703] [main] [INFO ] o.s.c.n.e.serviceregistry.EurekaServiceRegistry - Registering application schedule-server with eureka with status UP
[2020-02-24 16:55:26.703] [main] [INFO ] com.netflix.discovery.DiscoveryClient - Saw local status change event StatusChangeEvent [timestamp=1582534526703, current=UP, previous=STARTING]
[2020-02-24 16:55:26.705] [DiscoveryClient-InstanceInfoReplicator-0] [INFO ] com.netflix.discovery.DiscoveryClient - DiscoveryClient_SCHEDULE-SERVER/cengzhajindembp.lan:schedule-server:8005: registering service...
[2020-02-24 16:55:26.713] [main] [INFO ] s.d.s.web.plugins.DocumentationPluginsBootstrapper - Context refreshed
[2020-02-24 16:55:26.735] [main] [INFO ] s.d.s.web.plugins.DocumentationPluginsBootstrapper - Found 1 custom documentation plugin(s)
[2020-02-24 16:55:26.764] [DiscoveryClient-InstanceInfoReplicator-0] [INFO ] com.netflix.discovery.DiscoveryClient - DiscoveryClient_SCHEDULE-SERVER/cengzhajindembp.lan:schedule-server:8005 - registration status: 204
[2020-02-24 16:55:26.803] [main] [INFO ] s.d.spring.web.scanners.ApiListingReferenceScanner - Scanning for api listing references
[2020-02-24 16:55:27.126] [main] [INFO ] s.d.s.w.r.operation.CachingOperationNameGenerator - Generating unique operation named: getInfoUsingGET_1
[2020-02-24 16:55:27.135] [main] [INFO ] s.d.s.w.r.operation.CachingOperationNameGenerator - Generating unique operation named: listUsingGET_1
[2020-02-24 16:55:27.138] [main] [INFO ] s.d.s.w.r.operation.CachingOperationNameGenerator - Generating unique operation named: removeUsingDELETE_1
[2020-02-24 16:55:27.156] [main] [INFO ] s.d.s.w.r.operation.CachingOperationNameGenerator - Generating unique operation named: addUsingPOST_1
[2020-02-24 16:55:27.158] [main] [INFO ] s.d.s.w.r.operation.CachingOperationNameGenerator - Generating unique operation named: editUsingPUT_1
[2020-02-24 16:55:27.160] [main] [INFO ] s.d.s.w.r.operation.CachingOperationNameGenerator - Generating unique operation named: findDataClassIdUsingGET_1
[2020-02-24 16:55:27.162] [main] [INFO ] s.d.s.w.r.operation.CachingOperationNameGenerator - Generating unique operation named: findDatabaseUsingGET_1
[2020-02-24 16:55:27.177] [main] [INFO ] s.d.s.w.r.operation.CachingOperationNameGenerator - Generating unique operation named: getInfoUsingGET_2
[2020-02-24 16:55:27.190] [main] [INFO ] s.d.s.w.r.operation.CachingOperationNameGenerator - Generating unique operation named: listUsingGET_2
[2020-02-24 16:55:27.197] [main] [INFO ] s.d.s.w.r.operation.CachingOperationNameGenerator - Generating unique operation named: removeUsingDELETE_2
[2020-02-24 16:55:27.218] [main] [INFO ] s.d.s.w.r.operation.CachingOperationNameGenerator - Generating unique operation named: getInfoUsingGET_3
[2020-02-24 16:55:27.227] [main] [INFO ] s.d.s.w.r.operation.CachingOperationNameGenerator - Generating unique operation named: listUsingGET_3
[2020-02-24 16:55:27.231] [main] [INFO ] s.d.s.w.r.operation.CachingOperationNameGenerator - Generating unique operation named: removeUsingDELETE_3
[2020-02-24 16:55:27.301] [main] [INFO ] s.d.s.w.r.operation.CachingOperationNameGenerator - Generating unique operation named: addUsingPOST_2
[2020-02-24 16:55:27.303] [main] [INFO ] s.d.s.w.r.operation.CachingOperationNameGenerator - Generating unique operation named: editUsingPUT_2
[2020-02-24 16:55:27.304] [main] [INFO ] s.d.s.w.r.operation.CachingOperationNameGenerator - Generating unique operation named: findDataClassIdUsingGET_2
[2020-02-24 16:55:27.306] [main] [INFO ] s.d.s.w.r.operation.CachingOperationNameGenerator - Generating unique operation named: findDatabaseUsingGET_2
[2020-02-24 16:55:27.321] [main] [INFO ] s.d.s.w.r.operation.CachingOperationNameGenerator - Generating unique operation named: getInfoUsingGET_4
[2020-02-24 16:55:27.328] [main] [INFO ] s.d.s.w.r.operation.CachingOperationNameGenerator - Generating unique operation named: listUsingGET_4
[2020-02-24 16:55:27.331] [main] [INFO ] s.d.s.w.r.operation.CachingOperationNameGenerator - Generating unique operation named: removeUsingDELETE_4
[2020-02-24 16:55:27.344] [main] [INFO ] s.d.s.w.r.operation.CachingOperationNameGenerator - Generating unique operation named: getInfoUsingGET_5
[2020-02-24 16:55:27.350] [main] [INFO ] s.d.s.w.r.operation.CachingOperationNameGenerator - Generating unique operation named: listUsingGET_5
[2020-02-24 16:55:27.352] [main] [INFO ] s.d.s.w.r.operation.CachingOperationNameGenerator - Generating unique operation named: removeUsingDELETE_5
[2020-02-24 16:55:27.402] [main] [INFO ] s.d.s.w.r.operation.CachingOperationNameGenerator - Generating unique operation named: listUsingGET_6
[2020-02-24 16:55:27.491] [main] [INFO ] n.d.b.g.s.serverfactory.AbstractGrpcServerFactory - Registered gRPC service: CommonService, bean: commonService, class: com.piesat.common.grpc.service.CommonService
[2020-02-24 16:55:27.654] [main] [INFO ] n.d.b.g.server.serverfactory.GrpcServerLifecycle - gRPC Server started, listening on address: *, port: 8006
[2020-02-24 16:55:27.673] [main] [INFO ] org.apache.coyote.http11.Http11NioProtocol - Starting ProtocolHandler ["http-nio-8005"]
[2020-02-24 16:55:27.674] [main] [INFO ] org.apache.tomcat.util.net.NioSelectorPool - Using a shared selector for servlet write/read
[2020-02-24 16:55:27.710] [main] [INFO ] o.s.boot.web.embedded.tomcat.TomcatWebServer - Tomcat started on port(s): 8005 (http) with context path ''
[2020-02-24 16:55:27.716] [main] [INFO ] c.p.schedule.web.controller.ScheduleApplication - Started ScheduleApplication in 38.154 seconds (JVM running for 42.016)
[2020-02-24 17:00:26.316] [AsyncResolver-bootstrap-executor-0] [INFO ] c.n.d.shared.resolver.aws.ConfigClusterResolver - Resolving eureka endpoints via configuration
[2020-02-24 17:05:26.328] [AsyncResolver-bootstrap-executor-0] [INFO ] c.n.d.shared.resolver.aws.ConfigClusterResolver - Resolving eureka endpoints via configuration
[2020-02-24 17:10:26.340] [AsyncResolver-bootstrap-executor-0] [INFO ] c.n.d.shared.resolver.aws.ConfigClusterResolver - Resolving eureka endpoints via configuration
[2020-02-24 17:15:26.353] [AsyncResolver-bootstrap-executor-0] [INFO ] c.n.d.shared.resolver.aws.ConfigClusterResolver - Resolving eureka endpoints via configuration
[2020-02-24 17:20:26.366] [AsyncResolver-bootstrap-executor-0] [INFO ] c.n.d.shared.resolver.aws.ConfigClusterResolver - Resolving eureka endpoints via configuration
[2020-02-24 17:25:26.380] [AsyncResolver-bootstrap-executor-0] [INFO ] c.n.d.shared.resolver.aws.ConfigClusterResolver - Resolving eureka endpoints via configuration
[2020-02-24 17:30:26.389] [AsyncResolver-bootstrap-executor-0] [INFO ] c.n.d.shared.resolver.aws.ConfigClusterResolver - Resolving eureka endpoints via configuration
[2020-02-24 17:35:26.400] [AsyncResolver-bootstrap-executor-0] [INFO ] c.n.d.shared.resolver.aws.ConfigClusterResolver - Resolving eureka endpoints via configuration
[2020-02-24 17:40:26.410] [AsyncResolver-bootstrap-executor-0] [INFO ] c.n.d.shared.resolver.aws.ConfigClusterResolver - Resolving eureka endpoints via configuration
[2020-02-24 17:45:26.434] [AsyncResolver-bootstrap-executor-0] [INFO ] c.n.d.shared.resolver.aws.ConfigClusterResolver - Resolving eureka endpoints via configuration
[2020-02-24 17:50:26.446] [AsyncResolver-bootstrap-executor-0] [INFO ] c.n.d.shared.resolver.aws.ConfigClusterResolver - Resolving eureka endpoints via configuration
[2020-02-24 17:55:26.460] [AsyncResolver-bootstrap-executor-0] [INFO ] c.n.d.shared.resolver.aws.ConfigClusterResolver - Resolving eureka endpoints via configuration
[2020-02-24 18:00:26.484] [AsyncResolver-bootstrap-executor-0] [INFO ] c.n.d.shared.resolver.aws.ConfigClusterResolver - Resolving eureka endpoints via configuration
[2020-02-24 18:05:26.496] [AsyncResolver-bootstrap-executor-0] [INFO ] c.n.d.shared.resolver.aws.ConfigClusterResolver - Resolving eureka endpoints via configuration
[2020-02-24 18:10:26.507] [AsyncResolver-bootstrap-executor-0] [INFO ] c.n.d.shared.resolver.aws.ConfigClusterResolver - Resolving eureka endpoints via configuration
[2020-02-24 18:15:26.519] [AsyncResolver-bootstrap-executor-0] [INFO ] c.n.d.shared.resolver.aws.ConfigClusterResolver - Resolving eureka endpoints via configuration
[2020-02-24 18:20:26.541] [AsyncResolver-bootstrap-executor-0] [INFO ] c.n.d.shared.resolver.aws.ConfigClusterResolver - Resolving eureka endpoints via configuration
[2020-02-24 18:25:26.555] [AsyncResolver-bootstrap-executor-0] [INFO ] c.n.d.shared.resolver.aws.ConfigClusterResolver - Resolving eureka endpoints via configuration
[2020-02-24 18:30:26.567] [AsyncResolver-bootstrap-executor-0] [INFO ] c.n.d.shared.resolver.aws.ConfigClusterResolver - Resolving eureka endpoints via configuration
[2020-02-24 18:35:26.578] [AsyncResolver-bootstrap-executor-0] [INFO ] c.n.d.shared.resolver.aws.ConfigClusterResolver - Resolving eureka endpoints via configuration
[2020-02-24 18:40:26.588] [AsyncResolver-bootstrap-executor-0] [INFO ] c.n.d.shared.resolver.aws.ConfigClusterResolver - Resolving eureka endpoints via configuration
[2020-02-24 18:45:26.602] [AsyncResolver-bootstrap-executor-0] [INFO ] c.n.d.shared.resolver.aws.ConfigClusterResolver - Resolving eureka endpoints via configuration
[2020-02-24 18:50:26.613] [AsyncResolver-bootstrap-executor-0] [INFO ] c.n.d.shared.resolver.aws.ConfigClusterResolver - Resolving eureka endpoints via configuration
[2020-02-24 18:55:26.623] [AsyncResolver-bootstrap-executor-0] [INFO ] c.n.d.shared.resolver.aws.ConfigClusterResolver - Resolving eureka endpoints via configuration
[2020-02-24 18:58:09.882] [Thread-8] [INFO ] n.d.b.g.server.serverfactory.GrpcServerLifecycle - gRPC server shutdown.
[2020-02-24 18:58:09.885] [Thread-8] [INFO ] o.s.c.n.e.serviceregistry.EurekaServiceRegistry - Unregistering application schedule-server with eureka with status DOWN
[2020-02-24 18:58:09.886] [DiscoveryClient-InstanceInfoReplicator-0] [INFO ] com.netflix.discovery.DiscoveryClient - DiscoveryClient_SCHEDULE-SERVER/cengzhajindembp.lan:schedule-server:8005: registering service...
[2020-02-24 18:58:09.901] [DiscoveryClient-InstanceInfoReplicator-0] [INFO ] com.netflix.discovery.DiscoveryClient - DiscoveryClient_SCHEDULE-SERVER/cengzhajindembp.lan:schedule-server:8005 - registration status: 204
[2020-02-24 18:58:09.934] [Thread-8] [INFO ] n.d.b.g.c.nameresolver.NameResolverRegistration - DiscoveryClientResolverFactory [scheme=discovery, discoveryClient=org.springframework.cloud.client.discovery.composite.CompositeDiscoveryClient@2c1eba2e] was removed from the NameResolverRegistry
[2020-02-24 18:58:09.934] [Thread-8] [INFO ] n.d.b.g.c.nameresolver.NameResolverRegistration - net.devh.boot.grpc.server.nameresolver.SelfNameResolverFactory@35b97c69 was removed from the NameResolverRegistry
[2020-02-24 18:58:09.942] [Thread-8] [INFO ] o.s.orm.jpa.LocalContainerEntityManagerFactoryBean - Closing JPA EntityManagerFactory for persistence unit 'default'
[2020-02-24 18:58:09.949] [Thread-8] [INFO ] com.alibaba.druid.pool.DruidDataSource - {dataSource-1} closing ...
[2020-02-24 18:58:09.951] [Thread-8] [INFO ] com.alibaba.druid.pool.DruidDataSource - {dataSource-1} closed
