[2020-05-11 17:34:45.046] [main] [INFO ] c.u.j.c.EnableEncryptablePropertiesConfiguration - Bootstraping jasypt-string-boot auto configuration in context: application-1
[2020-05-11 17:34:45.046] [main] [INFO ] c.p.schedule.web.controller.ScheduleApplication - The following profiles are active: pro44
[2020-05-11 17:34:47.138] [main] [INFO ] o.s.d.r.config.RepositoryConfigurationDelegate - Multiple Spring Data modules found, entering strict repository configuration mode!
[2020-05-11 17:34:47.139] [main] [INFO ] o.s.d.r.config.RepositoryConfigurationDelegate - Bootstrapping Spring Data repositories in DEFAULT mode.
[2020-05-11 17:34:47.892] [main] [INFO ] o.s.d.r.config.RepositoryConfigurationDelegate - Finished Spring Data repository scanning in 742ms. Found 62 repository interfaces.
[2020-05-11 17:34:48.227] [main] [INFO ] o.s.d.r.config.RepositoryConfigurationDelegate - Multiple Spring Data modules found, entering strict repository configuration mode!
[2020-05-11 17:34:48.229] [main] [INFO ] o.s.d.r.config.RepositoryConfigurationDelegate - Bootstrapping Spring Data repositories in DEFAULT mode.
[2020-05-11 17:34:48.256] [main] [INFO ] o.s.d.r.config.RepositoryConfigurationDelegate - Finished Spring Data repository scanning in 12ms. Found 0 repository interfaces.
[2020-05-11 17:34:49.087] [main] [INFO ] o.springframework.cloud.context.scope.GenericScope - BeanFactory id=1eeb0f9f-bacf-3e74-a17c-53c57a1dbff3
[2020-05-11 17:34:49.105] [main] [INFO ] c.u.j.c.EnableEncryptablePropertiesBeanFactoryPostProcessor - Post-processing PropertySource instances
[2020-05-11 17:34:49.139] [main] [INFO ] c.u.j.EncryptablePropertySourceConverter - Converting PropertySource configurationProperties [org.springframework.boot.context.properties.source.ConfigurationPropertySourcesPropertySource] to AOP Proxy
[2020-05-11 17:34:49.139] [main] [INFO ] c.u.j.EncryptablePropertySourceConverter - Converting PropertySource servletConfigInitParams [org.springframework.core.env.PropertySource$StubPropertySource] to EncryptablePropertySourceWrapper
[2020-05-11 17:34:49.139] [main] [INFO ] c.u.j.EncryptablePropertySourceConverter - Converting PropertySource servletContextInitParams [org.springframework.core.env.PropertySource$StubPropertySource] to EncryptablePropertySourceWrapper
[2020-05-11 17:34:49.139] [main] [INFO ] c.u.j.EncryptablePropertySourceConverter - Converting PropertySource systemProperties [org.springframework.core.env.MapPropertySource] to EncryptableMapPropertySourceWrapper
[2020-05-11 17:34:49.139] [main] [INFO ] c.u.j.EncryptablePropertySourceConverter - Converting PropertySource systemEnvironment [org.springframework.boot.env.SystemEnvironmentPropertySourceEnvironmentPostProcessor$OriginAwareSystemEnvironmentPropertySource] to EncryptableMapPropertySourceWrapper
[2020-05-11 17:34:49.139] [main] [INFO ] c.u.j.EncryptablePropertySourceConverter - Converting PropertySource random [org.springframework.boot.env.RandomValuePropertySource] to EncryptablePropertySourceWrapper
[2020-05-11 17:34:49.139] [main] [INFO ] c.u.j.EncryptablePropertySourceConverter - Converting PropertySource applicationConfig: [classpath:/application-pro44.yml] [org.springframework.boot.env.OriginTrackedMapPropertySource] to EncryptableMapPropertySourceWrapper
[2020-05-11 17:34:49.140] [main] [INFO ] c.u.j.EncryptablePropertySourceConverter - Converting PropertySource applicationConfig: [classpath:/application.yml] [org.springframework.boot.env.OriginTrackedMapPropertySource] to EncryptableMapPropertySourceWrapper
[2020-05-11 17:34:49.140] [main] [INFO ] c.u.j.EncryptablePropertySourceConverter - Converting PropertySource springCloudClientHostInfo [org.springframework.core.env.MapPropertySource] to EncryptableMapPropertySourceWrapper
[2020-05-11 17:34:49.141] [main] [INFO ] c.u.j.EncryptablePropertySourceConverter - Converting PropertySource config.yml [org.springframework.core.env.CompositePropertySource] to EncryptableEnumerablePropertySourceWrapper
[2020-05-11 17:34:49.141] [main] [INFO ] c.u.j.EncryptablePropertySourceConverter - Converting PropertySource defaultProperties [org.springframework.core.env.MapPropertySource] to EncryptableMapPropertySourceWrapper
[2020-05-11 17:34:49.161] [main] [INFO ] o.s.c.s.PostProcessorRegistrationDelegate$BeanPostProcessorChecker - Bean 'shiroConfig' of type [com.piesat.sso.client.config.ShiroConfig$$EnhancerBySpringCGLIB$$a6243ab0] is not eligible for getting processed by all BeanPostProcessors (for example: not eligible for auto-proxying)
[2020-05-11 17:34:49.366] [main] [INFO ] o.s.c.s.PostProcessorRegistrationDelegate$BeanPostProcessorChecker - Bean 'hashedCredentialsMatcher' of type [org.apache.shiro.authc.credential.HashedCredentialsMatcher] is not eligible for getting processed by all BeanPostProcessors (for example: not eligible for auto-proxying)
[2020-05-11 17:34:49.371] [main] [INFO ] o.s.c.s.PostProcessorRegistrationDelegate$BeanPostProcessorChecker - Bean 'htShiroRealm' of type [com.piesat.sso.client.shiro.HtShiroRealm] is not eligible for getting processed by all BeanPostProcessors (for example: not eligible for auto-proxying)
[2020-05-11 17:34:49.382] [main] [INFO ] o.s.c.s.PostProcessorRegistrationDelegate$BeanPostProcessorChecker - Bean 'redisConfig' of type [com.piesat.sso.client.config.RedisConfig$$EnhancerBySpringCGLIB$$f0f2c1fa] is not eligible for getting processed by all BeanPostProcessors (for example: not eligible for auto-proxying)
[2020-05-11 17:34:49.396] [main] [INFO ] c.u.j.filter.DefaultLazyPropertyFilter - Property Filter custom Bean not found with name 'encryptablePropertyFilter'. Initializing Default Property Filter
[2020-05-11 17:34:49.405] [main] [INFO ] c.u.j.resolver.DefaultLazyPropertyResolver - Property Resolver custom Bean not found with name 'encryptablePropertyResolver'. Initializing Default Property Resolver
[2020-05-11 17:34:49.407] [main] [INFO ] c.u.j.detector.DefaultLazyPropertyDetector - Property Detector custom Bean not found with name 'encryptablePropertyDetector'. Initializing Default Property Detector
[2020-05-11 17:34:49.435] [main] [INFO ] o.s.c.s.PostProcessorRegistrationDelegate$BeanPostProcessorChecker - Bean 'spring.redis-org.springframework.boot.autoconfigure.data.redis.RedisProperties' of type [org.springframework.boot.autoconfigure.data.redis.RedisProperties] is not eligible for getting processed by all BeanPostProcessors (for example: not eligible for auto-proxying)
[2020-05-11 17:34:49.442] [main] [INFO ] o.s.c.s.PostProcessorRegistrationDelegate$BeanPostProcessorChecker - Bean 'org.springframework.boot.autoconfigure.data.redis.LettuceConnectionConfiguration' of type [org.springframework.boot.autoconfigure.data.redis.LettuceConnectionConfiguration$$EnhancerBySpringCGLIB$$42ecf131] is not eligible for getting processed by all BeanPostProcessors (for example: not eligible for auto-proxying)
[2020-05-11 17:34:49.636] [main] [INFO ] o.s.c.s.PostProcessorRegistrationDelegate$BeanPostProcessorChecker - Bean 'lettuceClientResources' of type [io.lettuce.core.resource.DefaultClientResources] is not eligible for getting processed by all BeanPostProcessors (for example: not eligible for auto-proxying)
[2020-05-11 17:34:49.808] [main] [INFO ] o.s.c.s.PostProcessorRegistrationDelegate$BeanPostProcessorChecker - Bean 'redisConnectionFactory' of type [org.springframework.data.redis.connection.lettuce.LettuceConnectionFactory] is not eligible for getting processed by all BeanPostProcessors (for example: not eligible for auto-proxying)
[2020-05-11 17:34:49.832] [main] [INFO ] o.s.c.s.PostProcessorRegistrationDelegate$BeanPostProcessorChecker - Bean 'shiroRedisTemplate' of type [org.springframework.data.redis.core.RedisTemplate] is not eligible for getting processed by all BeanPostProcessors (for example: not eligible for auto-proxying)
[2020-05-11 17:34:49.833] [main] [INFO ] o.s.c.s.PostProcessorRegistrationDelegate$BeanPostProcessorChecker - Bean 'redisManager' of type [com.piesat.sso.client.shiro.HtRedisManager] is not eligible for getting processed by all BeanPostProcessors (for example: not eligible for auto-proxying)
[2020-05-11 17:34:49.835] [main] [INFO ] o.s.c.s.PostProcessorRegistrationDelegate$BeanPostProcessorChecker - Bean 'redisSessionDAO' of type [com.piesat.sso.client.shiro.HtRedisSessionDAO] is not eligible for getting processed by all BeanPostProcessors (for example: not eligible for auto-proxying)
[2020-05-11 17:34:49.837] [main] [INFO ] o.s.c.s.PostProcessorRegistrationDelegate$BeanPostProcessorChecker - Bean 'cookie' of type [org.apache.shiro.web.servlet.SimpleCookie] is not eligible for getting processed by all BeanPostProcessors (for example: not eligible for auto-proxying)
[2020-05-11 17:34:49.845] [main] [INFO ] o.s.c.s.PostProcessorRegistrationDelegate$BeanPostProcessorChecker - Bean 'sessionManager' of type [com.piesat.sso.client.shiro.HtSessionManager] is not eligible for getting processed by all BeanPostProcessors (for example: not eligible for auto-proxying)
[2020-05-11 17:34:49.847] [main] [INFO ] o.s.c.s.PostProcessorRegistrationDelegate$BeanPostProcessorChecker - Bean 'cacheManager' of type [com.piesat.sso.client.shiro.HtRedisCacheManager] is not eligible for getting processed by all BeanPostProcessors (for example: not eligible for auto-proxying)
[2020-05-11 17:34:49.852] [main] [INFO ] o.s.c.s.PostProcessorRegistrationDelegate$BeanPostProcessorChecker - Bean 'securityManager' of type [org.apache.shiro.web.mgt.DefaultWebSecurityManager] is not eligible for getting processed by all BeanPostProcessors (for example: not eligible for auto-proxying)
[2020-05-11 17:34:49.962] [main] [INFO ] o.s.c.s.PostProcessorRegistrationDelegate$BeanPostProcessorChecker - Bean 'authorizationAttributeSourceAdvisor' of type [org.apache.shiro.spring.security.interceptor.AuthorizationAttributeSourceAdvisor] is not eligible for getting processed by all BeanPostProcessors (for example: not eligible for auto-proxying)
[2020-05-11 17:34:50.084] [main] [INFO ] o.s.c.s.PostProcessorRegistrationDelegate$BeanPostProcessorChecker - Bean 'org.springframework.transaction.annotation.ProxyTransactionManagementConfiguration' of type [org.springframework.transaction.annotation.ProxyTransactionManagementConfiguration$$EnhancerBySpringCGLIB$$2dd332e7] is not eligible for getting processed by all BeanPostProcessors (for example: not eligible for auto-proxying)
[2020-05-11 17:34:50.345] [main] [INFO ] o.s.c.s.PostProcessorRegistrationDelegate$BeanPostProcessorChecker - Bean 'org.springframework.cloud.autoconfigure.ConfigurationPropertiesRebinderAutoConfiguration' of type [org.springframework.cloud.autoconfigure.ConfigurationPropertiesRebinderAutoConfiguration$$EnhancerBySpringCGLIB$$49ed35e4] is not eligible for getting processed by all BeanPostProcessors (for example: not eligible for auto-proxying)
[2020-05-11 17:34:51.166] [main] [INFO ] o.s.boot.web.embedded.tomcat.TomcatWebServer - Tomcat initialized with port(s): 28028 (http)
[2020-05-11 17:34:51.186] [main] [INFO ] org.apache.coyote.http11.Http11NioProtocol - Initializing ProtocolHandler ["http-nio-28028"]
[2020-05-11 17:34:51.199] [main] [INFO ] org.apache.catalina.core.StandardService - Starting service [Tomcat]
[2020-05-11 17:34:51.199] [main] [INFO ] org.apache.catalina.core.StandardEngine - Starting Servlet Engine: Apache Tomcat/9.0.12
[2020-05-11 17:34:51.211] [main] [INFO ] org.apache.catalina.core.AprLifecycleListener - The APR based Apache Tomcat Native library which allows optimal performance in production environments was not found on the java.library.path: [/Users/zzj/Library/Java/Extensions:/Library/Java/Extensions:/Network/Library/Java/Extensions:/System/Library/Java/Extensions:/usr/lib/java:.]
[2020-05-11 17:34:51.448] [main] [INFO ] o.a.c.core.ContainerBase.[Tomcat].[localhost].[/] - Initializing Spring embedded WebApplicationContext
[2020-05-11 17:34:51.449] [main] [INFO ] org.springframework.web.context.ContextLoader - Root WebApplicationContext: initialization completed in 6330 ms
[2020-05-11 17:34:51.600] [main] [INFO ] o.s.boot.web.servlet.ServletRegistrationBean - Servlet dispatcherServlet mapped to [/]
[2020-05-11 17:34:51.621] [main] [INFO ] o.s.boot.web.servlet.FilterRegistrationBean - Mapping filter: 'characterEncodingFilter' to: [/*]
[2020-05-11 17:34:51.621] [main] [INFO ] o.s.boot.web.servlet.FilterRegistrationBean - Mapping filter: 'shiroLoginFilter' to: [/*]
[2020-05-11 17:34:51.621] [main] [INFO ] o.s.boot.web.servlet.FilterRegistrationBean - Mapping filter: 'securityBasicAuthFilter' to: [/*]
[2020-05-11 17:34:51.621] [main] [INFO ] o.s.boot.web.servlet.FilterRegistrationBean - Mapping filter: 'productionSecurityFilter' to: [/*]
[2020-05-11 17:34:51.622] [main] [INFO ] o.s.boot.web.servlet.FilterRegistrationBean - Mapping filter: 'shirFilter' to: [/*]
[2020-05-11 17:34:52.175] [main] [INFO ] com.alibaba.druid.pool.DruidDataSource - {dataSource-1} inited
[2020-05-11 17:34:52.342] [main] [INFO ] org.hibernate.jpa.internal.util.LogHelper - HHH000204: Processing PersistenceUnitInfo [
	name: default
	...]
[2020-05-11 17:34:52.453] [main] [INFO ] org.hibernate.Version - HHH000412: Hibernate Core {5.3.7.Final}
[2020-05-11 17:34:52.457] [main] [INFO ] org.hibernate.cfg.Environment - HHH000206: hibernate.properties not found
[2020-05-11 17:34:52.716] [main] [INFO ] org.hibernate.annotations.common.Version - HCANN000001: Hibernate Commons Annotations {5.0.4.Final}
[2020-05-11 17:34:52.985] [main] [INFO ] org.hibernate.dialect.Dialect - HHH000400: Using dialect: com.piesat.common.jpa.dialect.XuguDialect
[2020-05-11 17:34:53.063] [main] [INFO ] o.h.engine.jdbc.env.internal.LobCreatorBuilderImpl - HHH000423: Disabling contextual LOB creation as JDBC driver reported JDBC version [3] less than 4
[2020-05-11 17:35:04.873] [main] [INFO ] o.s.orm.jpa.LocalContainerEntityManagerFactoryBean - Initialized JPA EntityManagerFactory for persistence unit 'default'
[2020-05-11 17:35:11.471] [main] [INFO ] n.d.b.g.c.nameresolver.NameResolverRegistration - DiscoveryClientResolverFactory [scheme=discovery, discoveryClient=org.springframework.cloud.client.discovery.composite.CompositeDiscoveryClient@2a7648a9] is available -> Added to the NameResolverRegistry
[2020-05-11 17:35:11.473] [main] [INFO ] n.d.b.g.c.nameresolver.NameResolverRegistration - net.devh.boot.grpc.server.nameresolver.SelfNameResolverFactory@263426ea is available -> Added to the NameResolverRegistry
[2020-05-11 17:35:13.440] [main] [INFO ] s.d.s.w.PropertySourcedRequestMappingHandlerMapping - Mapped URL path [/v2/api-docs] onto method [public org.springframework.http.ResponseEntity<springfox.documentation.spring.web.json.Json> springfox.documentation.swagger2.web.Swagger2Controller.getDocumentation(java.lang.String,javax.servlet.http.HttpServletRequest)]
[2020-05-11 17:35:14.266] [main] [INFO ] o.h.hql.internal.QueryTranslatorFactoryInitiator - HHH000397: Using ASTQueryTranslatorFactory
[2020-05-11 17:35:15.331] [Thread-4] [INFO ] io.lettuce.core.EpollProvider - Starting without optional epoll library
[2020-05-11 17:35:15.334] [Thread-4] [INFO ] io.lettuce.core.KqueueProvider - Starting without optional kqueue library
[2020-05-11 17:35:17.031] [main] [INFO ] com.netflix.config.sources.URLConfigurationSource - To enable URLs as dynamic configuration sources, define System property archaius.configurationSource.additionalUrls or make config.properties available on classpath.
[2020-05-11 17:35:17.037] [main] [INFO ] com.netflix.config.sources.URLConfigurationSource - To enable URLs as dynamic configuration sources, define System property archaius.configurationSource.additionalUrls or make config.properties available on classpath.
[2020-05-11 17:35:17.890] [main] [INFO ] com.datastax.driver.core.GuavaCompatibility - Detected Guava >= 19 in the classpath, using modern compatibility layer
[2020-05-11 17:35:18.326] [main] [INFO ] com.datastax.driver.core.ClockFactory - Using native clock to generate timestamps.
[2020-05-11 17:35:19.997] [main] [INFO ] o.s.cloud.netflix.eureka.InstanceInfoFactory - Setting initial instance status as: STARTING
[2020-05-11 17:35:20.047] [main] [INFO ] com.netflix.discovery.DiscoveryClient - Initializing Eureka in region us-east-1
[2020-05-11 17:35:20.158] [main] [INFO ] c.n.discovery.provider.DiscoveryJerseyProvider - Using JSON encoding codec LegacyJacksonJson
[2020-05-11 17:35:20.159] [main] [INFO ] c.n.discovery.provider.DiscoveryJerseyProvider - Using JSON decoding codec LegacyJacksonJson
[2020-05-11 17:35:20.421] [main] [INFO ] c.n.discovery.provider.DiscoveryJerseyProvider - Using XML encoding codec XStreamXml
[2020-05-11 17:35:20.422] [main] [INFO ] c.n.discovery.provider.DiscoveryJerseyProvider - Using XML decoding codec XStreamXml
[2020-05-11 17:35:21.053] [main] [INFO ] c.n.d.shared.resolver.aws.ConfigClusterResolver - Resolving eureka endpoints via configuration
[2020-05-11 17:35:21.080] [main] [INFO ] com.netflix.discovery.DiscoveryClient - Disable delta property : false
[2020-05-11 17:35:21.080] [main] [INFO ] com.netflix.discovery.DiscoveryClient - Single vip registry refresh property : null
[2020-05-11 17:35:21.080] [main] [INFO ] com.netflix.discovery.DiscoveryClient - Force full registry fetch : false
[2020-05-11 17:35:21.080] [main] [INFO ] com.netflix.discovery.DiscoveryClient - Application is null : false
[2020-05-11 17:35:21.080] [main] [INFO ] com.netflix.discovery.DiscoveryClient - Registered Applications size is zero : true
[2020-05-11 17:35:21.080] [main] [INFO ] com.netflix.discovery.DiscoveryClient - Application version is -1: true
[2020-05-11 17:35:21.081] [main] [INFO ] com.netflix.discovery.DiscoveryClient - Getting all instance registry info from the eureka server
[2020-05-11 17:35:21.969] [main] [INFO ] com.netflix.discovery.DiscoveryClient - The response status is 200
[2020-05-11 17:35:21.973] [main] [INFO ] com.netflix.discovery.DiscoveryClient - Starting heartbeat executor: renew interval is: 30
[2020-05-11 17:35:21.980] [main] [INFO ] com.netflix.discovery.InstanceInfoReplicator - InstanceInfoReplicator onDemand update allowed rate per min is 4
[2020-05-11 17:35:21.986] [main] [INFO ] com.netflix.discovery.DiscoveryClient - Discovery Client initialized at timestamp 1589189721984 with initial instances count: 4
[2020-05-11 17:35:22.004] [main] [INFO ] o.s.c.n.e.serviceregistry.EurekaServiceRegistry - Registering application schedule-server with eureka with status UP
[2020-05-11 17:35:22.005] [main] [INFO ] com.netflix.discovery.DiscoveryClient - Saw local status change event StatusChangeEvent [timestamp=1589189722005, current=UP, previous=STARTING]
[2020-05-11 17:35:22.007] [DiscoveryClient-InstanceInfoReplicator-0] [INFO ] com.netflix.discovery.DiscoveryClient - DiscoveryClient_SCHEDULE-SERVER/10.1.6.99:schedule-server:28028: registering service...
[2020-05-11 17:35:22.014] [main] [INFO ] s.d.s.web.plugins.DocumentationPluginsBootstrapper - Context refreshed
[2020-05-11 17:35:22.041] [main] [INFO ] s.d.s.web.plugins.DocumentationPluginsBootstrapper - Found 1 custom documentation plugin(s)
[2020-05-11 17:35:22.067] [DiscoveryClient-InstanceInfoReplicator-0] [INFO ] com.netflix.discovery.DiscoveryClient - DiscoveryClient_SCHEDULE-SERVER/10.1.6.99:schedule-server:28028 - registration status: 204
[2020-05-11 17:35:22.109] [main] [INFO ] s.d.spring.web.scanners.ApiListingReferenceScanner - Scanning for api listing references
[2020-05-11 17:35:22.481] [main] [INFO ] s.d.s.w.r.operation.CachingOperationNameGenerator - Generating unique operation named: exportExcelUsingGET_1
[2020-05-11 17:35:22.495] [main] [INFO ] s.d.s.w.r.operation.CachingOperationNameGenerator - Generating unique operation named: getInfoUsingGET_1
[2020-05-11 17:35:22.505] [main] [INFO ] s.d.s.w.r.operation.CachingOperationNameGenerator - Generating unique operation named: listUsingGET_1
[2020-05-11 17:35:22.507] [main] [INFO ] s.d.s.w.r.operation.CachingOperationNameGenerator - Generating unique operation named: removeUsingDELETE_1
[2020-05-11 17:35:22.525] [main] [INFO ] s.d.s.w.r.operation.CachingOperationNameGenerator - Generating unique operation named: addUsingPOST_1
[2020-05-11 17:35:22.527] [main] [INFO ] s.d.s.w.r.operation.CachingOperationNameGenerator - Generating unique operation named: editUsingPUT_1
[2020-05-11 17:35:22.534] [main] [INFO ] s.d.s.w.r.operation.CachingOperationNameGenerator - Generating unique operation named: exportExcelUsingGET_2
[2020-05-11 17:35:22.536] [main] [INFO ] s.d.s.w.r.operation.CachingOperationNameGenerator - Generating unique operation named: findDataClassIdUsingGET_1
[2020-05-11 17:35:22.538] [main] [INFO ] s.d.s.w.r.operation.CachingOperationNameGenerator - Generating unique operation named: findDatabaseUsingGET_1
[2020-05-11 17:35:22.554] [main] [INFO ] s.d.s.w.r.operation.CachingOperationNameGenerator - Generating unique operation named: getInfoUsingGET_2
[2020-05-11 17:35:22.562] [main] [INFO ] s.d.s.w.r.operation.CachingOperationNameGenerator - Generating unique operation named: listUsingGET_2
[2020-05-11 17:35:22.564] [main] [INFO ] s.d.s.w.r.operation.CachingOperationNameGenerator - Generating unique operation named: removeUsingDELETE_2
[2020-05-11 17:35:22.573] [main] [INFO ] s.d.s.w.r.operation.CachingOperationNameGenerator - Generating unique operation named: exportExcelUsingGET_3
[2020-05-11 17:35:22.583] [main] [INFO ] s.d.s.w.r.operation.CachingOperationNameGenerator - Generating unique operation named: getInfoUsingGET_3
[2020-05-11 17:35:22.588] [main] [INFO ] s.d.s.w.r.operation.CachingOperationNameGenerator - Generating unique operation named: listUsingGET_3
[2020-05-11 17:35:22.590] [main] [INFO ] s.d.s.w.r.operation.CachingOperationNameGenerator - Generating unique operation named: removeUsingDELETE_3
[2020-05-11 17:35:22.676] [main] [INFO ] s.d.s.w.r.operation.CachingOperationNameGenerator - Generating unique operation named: addUsingPOST_2
[2020-05-11 17:35:22.678] [main] [INFO ] s.d.s.w.r.operation.CachingOperationNameGenerator - Generating unique operation named: editUsingPUT_2
[2020-05-11 17:35:22.684] [main] [INFO ] s.d.s.w.r.operation.CachingOperationNameGenerator - Generating unique operation named: exportExcelUsingGET_4
[2020-05-11 17:35:22.704] [main] [INFO ] s.d.s.w.r.operation.CachingOperationNameGenerator - Generating unique operation named: getInfoUsingGET_4
[2020-05-11 17:35:22.719] [main] [INFO ] s.d.s.w.r.operation.CachingOperationNameGenerator - Generating unique operation named: listUsingGET_4
[2020-05-11 17:35:22.721] [main] [INFO ] s.d.s.w.r.operation.CachingOperationNameGenerator - Generating unique operation named: removeUsingDELETE_4
[2020-05-11 17:35:22.753] [main] [INFO ] s.d.s.w.r.operation.CachingOperationNameGenerator - Generating unique operation named: exportExcelUsingGET_5
[2020-05-11 17:35:22.782] [main] [INFO ] s.d.s.w.r.operation.CachingOperationNameGenerator - Generating unique operation named: getInfoUsingGET_5
[2020-05-11 17:35:22.806] [main] [INFO ] s.d.s.w.r.operation.CachingOperationNameGenerator - Generating unique operation named: listUsingGET_5
[2020-05-11 17:35:22.808] [main] [INFO ] s.d.s.w.r.operation.CachingOperationNameGenerator - Generating unique operation named: removeUsingDELETE_5
[2020-05-11 17:35:22.826] [main] [INFO ] s.d.s.w.r.operation.CachingOperationNameGenerator - Generating unique operation named: addUsingPOST_3
[2020-05-11 17:35:22.829] [main] [INFO ] s.d.s.w.r.operation.CachingOperationNameGenerator - Generating unique operation named: editUsingPUT_3
[2020-05-11 17:35:22.853] [main] [INFO ] s.d.s.w.r.operation.CachingOperationNameGenerator - Generating unique operation named: exportExcelUsingGET_6
[2020-05-11 17:35:22.869] [main] [INFO ] s.d.s.w.r.operation.CachingOperationNameGenerator - Generating unique operation named: findDataBaseUsingGET_1
[2020-05-11 17:35:22.873] [main] [INFO ] s.d.s.w.r.operation.CachingOperationNameGenerator - Generating unique operation named: findMetaUsingGET_1
[2020-05-11 17:35:22.888] [main] [INFO ] s.d.s.w.r.operation.CachingOperationNameGenerator - Generating unique operation named: getInfoUsingGET_6
[2020-05-11 17:35:22.898] [main] [INFO ] s.d.s.w.r.operation.CachingOperationNameGenerator - Generating unique operation named: listUsingGET_6
[2020-05-11 17:35:22.903] [main] [INFO ] s.d.s.w.r.operation.CachingOperationNameGenerator - Generating unique operation named: removeUsingDELETE_6
[2020-05-11 17:35:22.916] [main] [INFO ] s.d.s.w.r.operation.CachingOperationNameGenerator - Generating unique operation named: exportExcelUsingGET_7
[2020-05-11 17:35:22.940] [main] [INFO ] s.d.s.w.r.operation.CachingOperationNameGenerator - Generating unique operation named: getInfoUsingGET_7
[2020-05-11 17:35:22.954] [main] [INFO ] s.d.s.w.r.operation.CachingOperationNameGenerator - Generating unique operation named: listUsingGET_7
[2020-05-11 17:35:22.956] [main] [INFO ] s.d.s.w.r.operation.CachingOperationNameGenerator - Generating unique operation named: removeUsingDELETE_7
[2020-05-11 17:35:23.001] [main] [INFO ] s.d.s.w.r.operation.CachingOperationNameGenerator - Generating unique operation named: getInfoUsingGET_8
[2020-05-11 17:35:23.018] [main] [INFO ] s.d.s.w.r.operation.CachingOperationNameGenerator - Generating unique operation named: listUsingGET_8
[2020-05-11 17:35:23.042] [main] [INFO ] s.d.s.w.r.operation.CachingOperationNameGenerator - Generating unique operation named: removeUsingDELETE_8
[2020-05-11 17:35:23.068] [main] [INFO ] s.d.s.w.r.operation.CachingOperationNameGenerator - Generating unique operation named: addUsingPOST_4
[2020-05-11 17:35:23.070] [main] [INFO ] s.d.s.w.r.operation.CachingOperationNameGenerator - Generating unique operation named: editUsingPUT_4
[2020-05-11 17:35:23.078] [main] [INFO ] s.d.s.w.r.operation.CachingOperationNameGenerator - Generating unique operation named: exportExcelUsingGET_8
[2020-05-11 17:35:23.083] [main] [INFO ] s.d.s.w.r.operation.CachingOperationNameGenerator - Generating unique operation named: findDataClassIdUsingGET_2
[2020-05-11 17:35:23.085] [main] [INFO ] s.d.s.w.r.operation.CachingOperationNameGenerator - Generating unique operation named: findDatabaseUsingGET_2
[2020-05-11 17:35:23.107] [main] [INFO ] s.d.s.w.r.operation.CachingOperationNameGenerator - Generating unique operation named: getInfoUsingGET_9
[2020-05-11 17:35:23.112] [main] [INFO ] s.d.s.w.r.operation.CachingOperationNameGenerator - Generating unique operation named: listUsingGET_9
[2020-05-11 17:35:23.118] [main] [INFO ] s.d.s.w.r.operation.CachingOperationNameGenerator - Generating unique operation named: removeUsingDELETE_9
[2020-05-11 17:35:23.136] [main] [INFO ] s.d.s.w.r.operation.CachingOperationNameGenerator - Generating unique operation named: exportExcelUsingGET_9
[2020-05-11 17:35:23.154] [main] [INFO ] s.d.s.w.r.operation.CachingOperationNameGenerator - Generating unique operation named: getInfoUsingGET_10
[2020-05-11 17:35:23.162] [main] [INFO ] s.d.s.w.r.operation.CachingOperationNameGenerator - Generating unique operation named: listUsingGET_10
[2020-05-11 17:35:23.166] [main] [INFO ] s.d.s.w.r.operation.CachingOperationNameGenerator - Generating unique operation named: removeUsingDELETE_10
[2020-05-11 17:35:23.213] [main] [INFO ] s.d.s.w.r.operation.CachingOperationNameGenerator - Generating unique operation named: getInfoUsingGET_11
[2020-05-11 17:35:23.240] [main] [INFO ] s.d.s.w.r.operation.CachingOperationNameGenerator - Generating unique operation named: listUsingGET_11
[2020-05-11 17:35:23.264] [main] [INFO ] s.d.s.w.r.operation.CachingOperationNameGenerator - Generating unique operation named: removeUsingDELETE_11
[2020-05-11 17:35:23.307] [main] [INFO ] s.d.s.w.r.operation.CachingOperationNameGenerator - Generating unique operation named: exportExcelUsingGET_10
[2020-05-11 17:35:23.323] [main] [INFO ] s.d.s.w.r.operation.CachingOperationNameGenerator - Generating unique operation named: listUsingGET_12
[2020-05-11 17:35:23.500] [main] [INFO ] n.d.b.g.s.serverfactory.AbstractGrpcServerFactory - Registered gRPC service: CommonService, bean: commonService, class: com.piesat.common.grpc.service.CommonService
[2020-05-11 17:35:23.629] [main] [INFO ] n.d.b.g.server.serverfactory.GrpcServerLifecycle - gRPC Server started, listening on address: *, port: 28228
[2020-05-11 17:35:23.643] [main] [INFO ] org.apache.coyote.http11.Http11NioProtocol - Starting ProtocolHandler ["http-nio-28028"]
[2020-05-11 17:35:23.644] [main] [INFO ] org.apache.tomcat.util.net.NioSelectorPool - Using a shared selector for servlet write/read
[2020-05-11 17:35:23.679] [main] [INFO ] o.s.boot.web.embedded.tomcat.TomcatWebServer - Tomcat started on port(s): 28028 (http) with context path ''
[2020-05-11 17:35:23.685] [main] [INFO ] c.p.schedule.web.controller.ScheduleApplication - Started ScheduleApplication in 41.481 seconds (JVM running for 45.119)
[2020-05-11 17:35:23.693] [main] [INFO ] com.piesat.schedule.rpc.job.index.IndexTimerTask - 首页数据统计开始...
[2020-05-11 17:35:23.694] [main] [INFO ] c.p.s.rpc.service.index.IndexTaskCountServiceImpl - 运行首页资料统计任务
[2020-05-11 17:35:28.700] [Timer-0] [INFO ] com.piesat.schedule.rpc.job.index.ClassCountTask - 定时统计资料数量
[2020-05-11 17:35:30.209] [Thread-9] [INFO ] n.d.b.g.server.serverfactory.GrpcServerLifecycle - gRPC server shutdown.
[2020-05-11 17:35:30.211] [Thread-9] [INFO ] o.s.c.n.e.serviceregistry.EurekaServiceRegistry - Unregistering application schedule-server with eureka with status DOWN
[2020-05-11 17:35:30.212] [DiscoveryClient-InstanceInfoReplicator-0] [INFO ] com.netflix.discovery.DiscoveryClient - DiscoveryClient_SCHEDULE-SERVER/10.1.6.99:schedule-server:28028: registering service...
[2020-05-11 17:35:30.228] [DiscoveryClient-InstanceInfoReplicator-0] [INFO ] com.netflix.discovery.DiscoveryClient - DiscoveryClient_SCHEDULE-SERVER/10.1.6.99:schedule-server:28028 - registration status: 204
[2020-05-11 17:35:30.229] [Thread-9] [INFO ] n.d.b.g.c.nameresolver.NameResolverRegistration - DiscoveryClientResolverFactory [scheme=discovery, discoveryClient=org.springframework.cloud.client.discovery.composite.CompositeDiscoveryClient@2a7648a9] was removed from the NameResolverRegistry
[2020-05-11 17:35:30.229] [Thread-9] [INFO ] n.d.b.g.c.nameresolver.NameResolverRegistration - net.devh.boot.grpc.server.nameresolver.SelfNameResolverFactory@263426ea was removed from the NameResolverRegistry
[2020-05-11 17:35:30.274] [Thread-9] [INFO ] o.s.orm.jpa.LocalContainerEntityManagerFactoryBean - Closing JPA EntityManagerFactory for persistence unit 'default'
[2020-05-11 17:35:30.290] [Thread-9] [INFO ] com.alibaba.druid.pool.DruidDataSource - {dataSource-1} closing ...
[2020-05-11 17:35:30.304] [Thread-9] [INFO ] com.alibaba.druid.pool.DruidDataSource - {dataSource-1} closed
